

Microchip MPLAB XC8 Assembler V2.31 build 20201012212115 
                                                                                               Sun Mar 07 15:40:22 2021

Microchip MPLAB XC8 C Compiler v2.31 (Free license) build 20201012212115 Og1 
     1                           	processor	16F887
     2                           	pagewidth 120
     3                           	opt	flic
     4                           	psect	cinit,global,class=CODE,merge=1,delta=2
     5                           	psect	bssCOMMON,global,class=COMMON,space=1,delta=1,noexec
     6                           	psect	cstackCOMMON,global,class=COMMON,space=1,delta=1,noexec
     7                           	psect	cstackBANK0,global,class=BANK0,space=1,delta=1,noexec
     8                           	psect	maintext,global,class=CODE,split=1,delta=2
     9                           	psect	text1,local,class=CODE,merge=1,delta=2
    10                           	psect	text2,local,class=CODE,merge=1,delta=2
    11                           	psect	text3,local,class=CODE,merge=1,delta=2
    12                           	psect	text4,local,class=CODE,merge=1,delta=2
    13                           	psect	text5,local,class=CODE,merge=1,delta=2
    14                           	psect	text6,local,class=CODE,merge=1,delta=2
    15                           	psect	text7,local,class=CODE,merge=1,delta=2
    16                           	psect	text8,local,class=CODE,merge=1,delta=2
    17                           	psect	text9,local,class=CODE,merge=1,delta=2
    18                           	psect	intentry,global,class=CODE,delta=2
    19                           	psect	text10,local,class=CODE,merge=1,delta=2
    20                           	psect	config,global,abs,ovrld,class=CONFIG,space=4,delta=2,noexec
    21                           	dabs	1,0x7E,2
    22  0000                     
    23                           ; Version 2.20
    24                           ; Generated 12/02/2020 GMT
    25                           ; 
    26                           ; Copyright © 2020, Microchip Technology Inc. and its subsidiaries ("Microchip")
    27                           ; All rights reserved.
    28                           ; 
    29                           ; This software is developed by Microchip Technology Inc. and its subsidiaries ("Microch
      +                          ip").
    30                           ; 
    31                           ; Redistribution and use in source and binary forms, with or without modification, are
    32                           ; permitted provided that the following conditions are met:
    33                           ; 
    34                           ;     1. Redistributions of source code must retain the above copyright notice, this lis
      +                          t of
    35                           ;        conditions and the following disclaimer.
    36                           ; 
    37                           ;     2. Redistributions in binary form must reproduce the above copyright notice, this 
      +                          list
    38                           ;        of conditions and the following disclaimer in the documentation and/or other
    39                           ;        materials provided with the distribution.
    40                           ; 
    41                           ;     3. Microchip's name may not be used to endorse or promote products derived from th
      +                          is
    42                           ;        software without specific prior written permission.
    43                           ; 
    44                           ; THIS SOFTWARE IS PROVIDED BY MICROCHIP "AS IS" AND ANY EXPRESS OR IMPLIED WARRANTIES,
    45                           ; INCLUDING, BUT NOT LIMITED TO, THE IMPLIED WARRANTIES OF MERCHANTABILITY AND FITNESS F
      +                          OR
    46                           ; PURPOSE ARE DISCLAIMED.  IN NO EVENT SHALL MICROCHIP BE LIABLE FOR ANY DIRECT, INDIREC
      +                          T,
    47                           ; INCIDENTAL, SPECIAL, EXEMPLARY, OR CONSEQUENTIAL DAMAGES (INCLUDING BUT NOT LIMITED TO
    48                           ; PROCUREMENT OF SUBSTITUTE GOODS OR SERVICES; LOSS OF USE, DATA OR PROFITS; OR BUSINESS
    49                           ; INTERRUPTION) HOWSOEVER CAUSED AND ON ANY THEORY OF LIABILITY, WHETHER IN CONTRACT, ST
      +                          RICT
    50                           ; LIABILITY, OR TORT (INCLUDING NEGLIGENCE OR OTHERWISE) ARISING IN ANY WAY OUT OF THE U
      +                          SE OF
    51                           ; THIS SOFTWARE, EVEN IF ADVISED OF THE POSSIBILITY OF SUCH DAMAGE.
    52                           ; 
    53                           ; 
    54                           ; Code-generator required, PIC16F887 Definitions
    55                           ; 
    56                           ; SFR Addresses
    57  0000                     	;# 
    58  0001                     	;# 
    59  0002                     	;# 
    60  0003                     	;# 
    61  0004                     	;# 
    62  0005                     	;# 
    63  0006                     	;# 
    64  0007                     	;# 
    65  0008                     	;# 
    66  0009                     	;# 
    67  000A                     	;# 
    68  000B                     	;# 
    69  000C                     	;# 
    70  000D                     	;# 
    71  000E                     	;# 
    72  000E                     	;# 
    73  000F                     	;# 
    74  0010                     	;# 
    75  0011                     	;# 
    76  0012                     	;# 
    77  0013                     	;# 
    78  0014                     	;# 
    79  0015                     	;# 
    80  0015                     	;# 
    81  0016                     	;# 
    82  0017                     	;# 
    83  0018                     	;# 
    84  0019                     	;# 
    85  001A                     	;# 
    86  001B                     	;# 
    87  001B                     	;# 
    88  001C                     	;# 
    89  001D                     	;# 
    90  001E                     	;# 
    91  001F                     	;# 
    92  0081                     	;# 
    93  0085                     	;# 
    94  0086                     	;# 
    95  0087                     	;# 
    96  0088                     	;# 
    97  0089                     	;# 
    98  008C                     	;# 
    99  008D                     	;# 
   100  008E                     	;# 
   101  008F                     	;# 
   102  0090                     	;# 
   103  0091                     	;# 
   104  0092                     	;# 
   105  0093                     	;# 
   106  0093                     	;# 
   107  0093                     	;# 
   108  0094                     	;# 
   109  0095                     	;# 
   110  0096                     	;# 
   111  0097                     	;# 
   112  0098                     	;# 
   113  0099                     	;# 
   114  009A                     	;# 
   115  009B                     	;# 
   116  009C                     	;# 
   117  009D                     	;# 
   118  009E                     	;# 
   119  009F                     	;# 
   120  0105                     	;# 
   121  0107                     	;# 
   122  0108                     	;# 
   123  0109                     	;# 
   124  010C                     	;# 
   125  010C                     	;# 
   126  010D                     	;# 
   127  010E                     	;# 
   128  010F                     	;# 
   129  0185                     	;# 
   130  0187                     	;# 
   131  0188                     	;# 
   132  0189                     	;# 
   133  018C                     	;# 
   134  018D                     	;# 
   135  0000                     	;# 
   136  0001                     	;# 
   137  0002                     	;# 
   138  0003                     	;# 
   139  0004                     	;# 
   140  0005                     	;# 
   141  0006                     	;# 
   142  0007                     	;# 
   143  0008                     	;# 
   144  0009                     	;# 
   145  000A                     	;# 
   146  000B                     	;# 
   147  000C                     	;# 
   148  000D                     	;# 
   149  000E                     	;# 
   150  000E                     	;# 
   151  000F                     	;# 
   152  0010                     	;# 
   153  0011                     	;# 
   154  0012                     	;# 
   155  0013                     	;# 
   156  0014                     	;# 
   157  0015                     	;# 
   158  0015                     	;# 
   159  0016                     	;# 
   160  0017                     	;# 
   161  0018                     	;# 
   162  0019                     	;# 
   163  001A                     	;# 
   164  001B                     	;# 
   165  001B                     	;# 
   166  001C                     	;# 
   167  001D                     	;# 
   168  001E                     	;# 
   169  001F                     	;# 
   170  0081                     	;# 
   171  0085                     	;# 
   172  0086                     	;# 
   173  0087                     	;# 
   174  0088                     	;# 
   175  0089                     	;# 
   176  008C                     	;# 
   177  008D                     	;# 
   178  008E                     	;# 
   179  008F                     	;# 
   180  0090                     	;# 
   181  0091                     	;# 
   182  0092                     	;# 
   183  0093                     	;# 
   184  0093                     	;# 
   185  0093                     	;# 
   186  0094                     	;# 
   187  0095                     	;# 
   188  0096                     	;# 
   189  0097                     	;# 
   190  0098                     	;# 
   191  0099                     	;# 
   192  009A                     	;# 
   193  009B                     	;# 
   194  009C                     	;# 
   195  009D                     	;# 
   196  009E                     	;# 
   197  009F                     	;# 
   198  0105                     	;# 
   199  0107                     	;# 
   200  0108                     	;# 
   201  0109                     	;# 
   202  010C                     	;# 
   203  010C                     	;# 
   204  010D                     	;# 
   205  010E                     	;# 
   206  010F                     	;# 
   207  0185                     	;# 
   208  0187                     	;# 
   209  0188                     	;# 
   210  0189                     	;# 
   211  018C                     	;# 
   212  018D                     	;# 
   213  0000                     	;# 
   214  0001                     	;# 
   215  0002                     	;# 
   216  0003                     	;# 
   217  0004                     	;# 
   218  0005                     	;# 
   219  0006                     	;# 
   220  0007                     	;# 
   221  0008                     	;# 
   222  0009                     	;# 
   223  000A                     	;# 
   224  000B                     	;# 
   225  000C                     	;# 
   226  000D                     	;# 
   227  000E                     	;# 
   228  000E                     	;# 
   229  000F                     	;# 
   230  0010                     	;# 
   231  0011                     	;# 
   232  0012                     	;# 
   233  0013                     	;# 
   234  0014                     	;# 
   235  0015                     	;# 
   236  0015                     	;# 
   237  0016                     	;# 
   238  0017                     	;# 
   239  0018                     	;# 
   240  0019                     	;# 
   241  001A                     	;# 
   242  001B                     	;# 
   243  001B                     	;# 
   244  001C                     	;# 
   245  001D                     	;# 
   246  001E                     	;# 
   247  001F                     	;# 
   248  0081                     	;# 
   249  0085                     	;# 
   250  0086                     	;# 
   251  0087                     	;# 
   252  0088                     	;# 
   253  0089                     	;# 
   254  008C                     	;# 
   255  008D                     	;# 
   256  008E                     	;# 
   257  008F                     	;# 
   258  0090                     	;# 
   259  0091                     	;# 
   260  0092                     	;# 
   261  0093                     	;# 
   262  0093                     	;# 
   263  0093                     	;# 
   264  0094                     	;# 
   265  0095                     	;# 
   266  0096                     	;# 
   267  0097                     	;# 
   268  0098                     	;# 
   269  0099                     	;# 
   270  009A                     	;# 
   271  009B                     	;# 
   272  009C                     	;# 
   273  009D                     	;# 
   274  009E                     	;# 
   275  009F                     	;# 
   276  0105                     	;# 
   277  0107                     	;# 
   278  0108                     	;# 
   279  0109                     	;# 
   280  010C                     	;# 
   281  010C                     	;# 
   282  010D                     	;# 
   283  010E                     	;# 
   284  010F                     	;# 
   285  0185                     	;# 
   286  0187                     	;# 
   287  0188                     	;# 
   288  0189                     	;# 
   289  018C                     	;# 
   290  018D                     	;# 
   291  0000                     	;# 
   292  0001                     	;# 
   293  0002                     	;# 
   294  0003                     	;# 
   295  0004                     	;# 
   296  0005                     	;# 
   297  0006                     	;# 
   298  0007                     	;# 
   299  0008                     	;# 
   300  0009                     	;# 
   301  000A                     	;# 
   302  000B                     	;# 
   303  000C                     	;# 
   304  000D                     	;# 
   305  000E                     	;# 
   306  000E                     	;# 
   307  000F                     	;# 
   308  0010                     	;# 
   309  0011                     	;# 
   310  0012                     	;# 
   311  0013                     	;# 
   312  0014                     	;# 
   313  0015                     	;# 
   314  0015                     	;# 
   315  0016                     	;# 
   316  0017                     	;# 
   317  0018                     	;# 
   318  0019                     	;# 
   319  001A                     	;# 
   320  001B                     	;# 
   321  001B                     	;# 
   322  001C                     	;# 
   323  001D                     	;# 
   324  001E                     	;# 
   325  001F                     	;# 
   326  0081                     	;# 
   327  0085                     	;# 
   328  0086                     	;# 
   329  0087                     	;# 
   330  0088                     	;# 
   331  0089                     	;# 
   332  008C                     	;# 
   333  008D                     	;# 
   334  008E                     	;# 
   335  008F                     	;# 
   336  0090                     	;# 
   337  0091                     	;# 
   338  0092                     	;# 
   339  0093                     	;# 
   340  0093                     	;# 
   341  0093                     	;# 
   342  0094                     	;# 
   343  0095                     	;# 
   344  0096                     	;# 
   345  0097                     	;# 
   346  0098                     	;# 
   347  0099                     	;# 
   348  009A                     	;# 
   349  009B                     	;# 
   350  009C                     	;# 
   351  009D                     	;# 
   352  009E                     	;# 
   353  009F                     	;# 
   354  0105                     	;# 
   355  0107                     	;# 
   356  0108                     	;# 
   357  0109                     	;# 
   358  010C                     	;# 
   359  010C                     	;# 
   360  010D                     	;# 
   361  010E                     	;# 
   362  010F                     	;# 
   363  0185                     	;# 
   364  0187                     	;# 
   365  0188                     	;# 
   366  0189                     	;# 
   367  018C                     	;# 
   368  018D                     	;# 
   369  0000                     	;# 
   370  0001                     	;# 
   371  0002                     	;# 
   372  0003                     	;# 
   373  0004                     	;# 
   374  0005                     	;# 
   375  0006                     	;# 
   376  0007                     	;# 
   377  0008                     	;# 
   378  0009                     	;# 
   379  000A                     	;# 
   380  000B                     	;# 
   381  000C                     	;# 
   382  000D                     	;# 
   383  000E                     	;# 
   384  000E                     	;# 
   385  000F                     	;# 
   386  0010                     	;# 
   387  0011                     	;# 
   388  0012                     	;# 
   389  0013                     	;# 
   390  0014                     	;# 
   391  0015                     	;# 
   392  0015                     	;# 
   393  0016                     	;# 
   394  0017                     	;# 
   395  0018                     	;# 
   396  0019                     	;# 
   397  001A                     	;# 
   398  001B                     	;# 
   399  001B                     	;# 
   400  001C                     	;# 
   401  001D                     	;# 
   402  001E                     	;# 
   403  001F                     	;# 
   404  0081                     	;# 
   405  0085                     	;# 
   406  0086                     	;# 
   407  0087                     	;# 
   408  0088                     	;# 
   409  0089                     	;# 
   410  008C                     	;# 
   411  008D                     	;# 
   412  008E                     	;# 
   413  008F                     	;# 
   414  0090                     	;# 
   415  0091                     	;# 
   416  0092                     	;# 
   417  0093                     	;# 
   418  0093                     	;# 
   419  0093                     	;# 
   420  0094                     	;# 
   421  0095                     	;# 
   422  0096                     	;# 
   423  0097                     	;# 
   424  0098                     	;# 
   425  0099                     	;# 
   426  009A                     	;# 
   427  009B                     	;# 
   428  009C                     	;# 
   429  009D                     	;# 
   430  009E                     	;# 
   431  009F                     	;# 
   432  0105                     	;# 
   433  0107                     	;# 
   434  0108                     	;# 
   435  0109                     	;# 
   436  010C                     	;# 
   437  010C                     	;# 
   438  010D                     	;# 
   439  010E                     	;# 
   440  010F                     	;# 
   441  0185                     	;# 
   442  0187                     	;# 
   443  0188                     	;# 
   444  0189                     	;# 
   445  018C                     	;# 
   446  018D                     	;# 
   447  001A                     _RCREG	set	26
   448  000C                     _PIR1bits	set	12
   449  0019                     _TXREG	set	25
   450  0018                     _RCSTA	set	24
   451  0013                     _SSPBUF	set	19
   452  000B                     _INTCON	set	11
   453  000C                     _PIR1	set	12
   454  0014                     _SSPCON	set	20
   455  0007                     _PORTC	set	7
   456  0006                     _PORTB	set	6
   457  0008                     _PORTD	set	8
   458  0006                     _PORTBbits	set	6
   459  0065                     _RCIF	set	101
   460  005F                     _GIE	set	95
   461  0031                     _RB1	set	49
   462  0098                     _TXSTAbits	set	152
   463  0098                     _TXSTA	set	152
   464  009A                     _SPBRGH	set	154
   465  0099                     _SPBRG	set	153
   466  008C                     _PIE1	set	140
   467  0093                     _SSPADD	set	147
   468  0091                     _SSPCON2	set	145
   469  0094                     _SSPSTAT	set	148
   470  0087                     _TRISC	set	135
   471  0086                     _TRISB	set	134
   472  0088                     _TRISD	set	136
   473  048C                     _ACKEN	set	1164
   474  048D                     _ACKDT	set	1165
   475  048B                     _RCEN	set	1163
   476  048A                     _PEN	set	1162
   477  0488                     _SEN	set	1160
   478  048E                     _ACKSTAT	set	1166
   479  0187                     _BAUDCTL	set	391
   480  0189                     _ANSELH	set	393
   481                           
   482                           	psect	cinit
   483  0011                     start_initialization:	
   484                           ; #config settings
   485                           
   486  0011                     __initialization:
   487                           
   488                           ; Clear objects allocated to COMMON
   489  0011  01F7               	clrf	__pbssCOMMON& (0+127)
   490  0012  01F8               	clrf	(__pbssCOMMON+1)& (0+127)
   491  0013                     end_of_initialization:	
   492                           ;End of C runtime variable initialization code
   493                           
   494  0013                     __end_of__initialization:
   495  0013  0183               	clrf	3
   496  0014  120A  118A  2817   	ljmp	_main	;jump to C main() function
   497                           
   498                           	psect	bssCOMMON
   499  0077                     __pbssCOMMON:
   500  0077                     _usart_recep:
   501  0077                     	ds	1
   502  0078                     _i2c_recep:
   503  0078                     	ds	1
   504                           
   505                           	psect	cstackCOMMON
   506  0070                     __pcstackCOMMON:
   507  0070                     ?_setup:
   508  0070                     ?_i2c_iniciar:	
   509                           ; 1 bytes @ 0x0
   510                           
   511  0070                     ?_i2c_detener:	
   512                           ; 1 bytes @ 0x0
   513                           
   514  0070                     ?_i2c_escribir:	
   515                           ; 1 bytes @ 0x0
   516                           
   517  0070                     ?_usart_T:	
   518                           ; 1 bytes @ 0x0
   519                           
   520  0070                     ?_usart_conf:	
   521                           ; 1 bytes @ 0x0
   522                           
   523  0070                     ?_usart_R:	
   524                           ; 1 bytes @ 0x0
   525                           
   526  0070                     ??_usart_R:	
   527                           ; 1 bytes @ 0x0
   528                           
   529  0070                     ?_main:	
   530                           ; 1 bytes @ 0x0
   531                           
   532  0070                     ?_isr:	
   533                           ; 1 bytes @ 0x0
   534                           
   535                           
   536                           ; 1 bytes @ 0x0
   537  0070                     	ds	1
   538  0071                     usart_R@r_data:
   539                           
   540                           ; 1 bytes @ 0x1
   541  0071                     	ds	1
   542  0072                     ??_isr:
   543                           
   544                           ; 1 bytes @ 0x2
   545  0072                     	ds	3
   546  0075                     ??_setup:
   547  0075                     ??_i2c_iniciar:	
   548                           ; 1 bytes @ 0x5
   549                           
   550  0075                     ?_i2c_funcion:	
   551                           ; 1 bytes @ 0x5
   552                           
   553  0075                     ?_i2c_leer:	
   554                           ; 1 bytes @ 0x5
   555                           
   556  0075                     ??_i2c_detener:	
   557                           ; 1 bytes @ 0x5
   558                           
   559  0075                     ??_i2c_escribir:	
   560                           ; 1 bytes @ 0x5
   561                           
   562  0075                     ??_usart_T:	
   563                           ; 1 bytes @ 0x5
   564                           
   565  0075                     ??_usart_conf:	
   566                           ; 1 bytes @ 0x5
   567                           
   568  0075                     i2c_funcion@mode:	
   569                           ; 1 bytes @ 0x5
   570                           
   571  0075                     i2c_escribir@data:	
   572                           ; 1 bytes @ 0x5
   573                           
   574  0075                     i2c_leer@lect:	
   575                           ; 1 bytes @ 0x5
   576                           
   577  0075                     usart_T@t_data:	
   578                           ; 1 bytes @ 0x5
   579                           
   580                           
   581                           ; 1 bytes @ 0x5
   582  0075                     	ds	1
   583  0076                     ??_i2c_funcion:
   584  0076                     ??_i2c_leer:	
   585                           ; 1 bytes @ 0x6
   586                           
   587  0076                     i2c_funcion@addr:	
   588                           ; 1 bytes @ 0x6
   589                           
   590                           
   591                           ; 1 bytes @ 0x6
   592  0076                     	ds	1
   593                           
   594                           	psect	cstackBANK0
   595  0020                     __pcstackBANK0:
   596  0020                     i2c_leer@ak:
   597                           
   598                           ; 1 bytes @ 0x0
   599  0020                     	ds	1
   600  0021                     ??_main:
   601                           
   602                           ; 1 bytes @ 0x1
   603  0021                     	ds	3
   604                           
   605                           	psect	maintext
   606  0017                     __pmaintext:	
   607 ;;
   608 ;;Main: autosize = 0, tempsize = 3, incstack = 0, save=0
   609 ;;
   610 ;; *************** function _main *****************
   611 ;; Defined at:
   612 ;;		line 60 in file "masteri2c.c"
   613 ;; Parameters:    Size  Location     Type
   614 ;;		None
   615 ;; Auto vars:     Size  Location     Type
   616 ;;		None
   617 ;; Return value:  Size  Location     Type
   618 ;;                  1    wreg      void 
   619 ;; Registers used:
   620 ;;		wreg, fsr0l, fsr0h, status,2, status,0, pclath, cstack
   621 ;; Tracked objects:
   622 ;;		On entry : B00/0
   623 ;;		On exit  : 0/0
   624 ;;		Unchanged: 0/0
   625 ;; Data sizes:     COMMON   BANK0   BANK1   BANK3   BANK2
   626 ;;      Params:         0       0       0       0       0
   627 ;;      Locals:         0       0       0       0       0
   628 ;;      Temps:          0       3       0       0       0
   629 ;;      Totals:         0       3       0       0       0
   630 ;;Total ram usage:        3 bytes
   631 ;; Hardware stack levels required when called:    4
   632 ;; This function calls:
   633 ;;		_i2c_detener
   634 ;;		_i2c_escribir
   635 ;;		_i2c_funcion
   636 ;;		_i2c_iniciar
   637 ;;		_i2c_leer
   638 ;;		_setup
   639 ;;		_usart_T
   640 ;; This function is called by:
   641 ;;		Startup code after reset
   642 ;; This function uses a non-reentrant model
   643 ;;
   644                           
   645                           
   646                           ;psect for function _main
   647  0017                     _main:
   648  0017                     l1013:	
   649                           ;incstack = 0
   650                           ; Regs used in _main: [wreg-fsr0h+status,2+status,0+pclath+cstack]
   651                           
   652                           
   653                           ;masteri2c.c: 61:     setup();
   654  0017  120A  118A  2114  120A  118A  	fcall	_setup
   655  001C                     l1015:
   656                           
   657                           ;masteri2c.c: 62:     _delay((unsigned long)((10)*(4000000/4000.0)));
   658  001C  300D               	movlw	13
   659  001D  1283               	bcf	3,5	;RP0=0, select bank0
   660  001E  1303               	bcf	3,6	;RP1=0, select bank0
   661  001F  00A2               	movwf	??_main+1
   662  0020  30FB               	movlw	251
   663  0021  00A1               	movwf	??_main
   664  0022                     u557:
   665  0022  0BA1               	decfsz	??_main,f
   666  0023  2822               	goto	u557
   667  0024  0BA2               	decfsz	??_main+1,f
   668  0025  2822               	goto	u557
   669  0026                     l1017:
   670                           
   671                           ;masteri2c.c: 65:         i2c_iniciar();
   672  0026  120A  118A  217C  120A  118A  	fcall	_i2c_iniciar
   673  002B                     l1019:
   674                           
   675                           ;masteri2c.c: 66:         if (RB1) {
   676  002B  1283               	bcf	3,5	;RP0=0, select bank0
   677  002C  1303               	bcf	3,6	;RP1=0, select bank0
   678  002D  1C86               	btfss	6,1	;volatile
   679  002E  2830               	goto	u521
   680  002F  2831               	goto	u520
   681  0030                     u521:
   682  0030  285D               	goto	l1035
   683  0031                     u520:
   684  0031                     l1021:
   685                           
   686                           ;masteri2c.c: 67:             i2c_funcion(0x29, 1);
   687  0031  01F5               	clrf	i2c_funcion@mode
   688  0032  0AF5               	incf	i2c_funcion@mode,f
   689  0033  3029               	movlw	41
   690  0034  120A  118A  20E5  120A  118A  	fcall	_i2c_funcion
   691  0039                     l1023:
   692                           
   693                           ;masteri2c.c: 68:             if (!ACKSTAT) {
   694  0039  1683               	bsf	3,5	;RP0=1, select bank1
   695  003A  1303               	bcf	3,6	;RP1=0, select bank1
   696  003B  1B11               	btfsc	17,6	;volatile
   697  003C  283E               	goto	u531
   698  003D  283F               	goto	u530
   699  003E                     u531:
   700  003E  2854               	goto	l1031
   701  003F                     u530:
   702  003F                     l1025:
   703                           
   704                           ;masteri2c.c: 69:                 i2c_leer(0, &i2c_recep);
   705  003F  3078               	movlw	(low (_i2c_recep| 0))& (0+255)
   706  0040  1283               	bcf	3,5	;RP0=0, select bank0
   707  0041  1303               	bcf	3,6	;RP1=0, select bank0
   708  0042  00A1               	movwf	??_main
   709  0043  0821               	movf	??_main,w
   710  0044  00F5               	movwf	i2c_leer@lect
   711  0045  3000               	movlw	0
   712  0046  120A  118A  20A8  120A  118A  	fcall	_i2c_leer
   713  004B                     l1027:
   714                           
   715                           ;masteri2c.c: 70:                 i2c_detener();
   716  004B  120A  118A  218A  120A  118A  	fcall	_i2c_detener
   717  0050                     l1029:
   718                           
   719                           ;masteri2c.c: 71:                 PORTBbits.RB0 = 0;
   720  0050  1283               	bcf	3,5	;RP0=0, select bank0
   721  0051  1303               	bcf	3,6	;RP1=0, select bank0
   722  0052  1006               	bcf	6,0	;volatile
   723                           
   724                           ;masteri2c.c: 72:             } else {
   725  0053  2881               	goto	l71
   726  0054                     l1031:
   727                           
   728                           ;masteri2c.c: 73:                 i2c_detener();
   729  0054  120A  118A  218A  120A  118A  	fcall	_i2c_detener
   730  0059                     l1033:
   731                           
   732                           ;masteri2c.c: 74:                 PORTBbits.RB0 = 1;
   733  0059  1283               	bcf	3,5	;RP0=0, select bank0
   734  005A  1303               	bcf	3,6	;RP1=0, select bank0
   735  005B  1406               	bsf	6,0	;volatile
   736  005C  2881               	goto	l71
   737  005D                     l1035:
   738                           
   739                           ;masteri2c.c: 77:             i2c_funcion(0x29, 0);
   740  005D  01F5               	clrf	i2c_funcion@mode
   741  005E  3029               	movlw	41
   742  005F  120A  118A  20E5  120A  118A  	fcall	_i2c_funcion
   743  0064                     l1037:
   744                           
   745                           ;masteri2c.c: 78:             if (!ACKSTAT) {
   746  0064  1683               	bsf	3,5	;RP0=1, select bank1
   747  0065  1303               	bcf	3,6	;RP1=0, select bank1
   748  0066  1B11               	btfsc	17,6	;volatile
   749  0067  2869               	goto	u541
   750  0068  286A               	goto	u540
   751  0069                     u541:
   752  0069  2879               	goto	l1043
   753  006A                     u540:
   754  006A                     l1039:
   755                           
   756                           ;masteri2c.c: 79:                 i2c_escribir(15);
   757  006A  300F               	movlw	15
   758  006B  120A  118A  2159  120A  118A  	fcall	_i2c_escribir
   759                           
   760                           ;masteri2c.c: 80:                 i2c_detener();
   761  0070  120A  118A  218A  120A  118A  	fcall	_i2c_detener
   762  0075                     l1041:
   763                           
   764                           ;masteri2c.c: 81:                 PORTBbits.RB0 = 0;
   765  0075  1283               	bcf	3,5	;RP0=0, select bank0
   766  0076  1303               	bcf	3,6	;RP1=0, select bank0
   767  0077  1006               	bcf	6,0	;volatile
   768                           
   769                           ;masteri2c.c: 82:             } else {
   770  0078  2881               	goto	l71
   771  0079                     l1043:
   772                           
   773                           ;masteri2c.c: 83:                 i2c_detener();
   774  0079  120A  118A  218A  120A  118A  	fcall	_i2c_detener
   775  007E                     l1045:
   776                           
   777                           ;masteri2c.c: 84:                 PORTBbits.RB0 = 1;
   778  007E  1283               	bcf	3,5	;RP0=0, select bank0
   779  007F  1303               	bcf	3,6	;RP1=0, select bank0
   780  0080  1406               	bsf	6,0	;volatile
   781  0081                     l71:	
   782                           ;masteri2c.c: 86:         }
   783                           
   784                           
   785                           ;masteri2c.c: 90:         usart_T(i2c_recep);
   786  0081  0878               	movf	_i2c_recep,w
   787  0082  120A  118A  21A6  120A  118A  	fcall	_usart_T
   788  0087                     l1047:
   789                           
   790                           ;masteri2c.c: 91:         _delay((unsigned long)((2)*(4000000/4000.0)));
   791  0087  3003               	movlw	3
   792  0088  1283               	bcf	3,5	;RP0=0, select bank0
   793  0089  1303               	bcf	3,6	;RP1=0, select bank0
   794  008A  00A2               	movwf	??_main+1
   795  008B  3097               	movlw	151
   796  008C  00A1               	movwf	??_main
   797  008D                     u567:
   798  008D  0BA1               	decfsz	??_main,f
   799  008E  288D               	goto	u567
   800  008F  0BA2               	decfsz	??_main+1,f
   801  0090  288D               	goto	u567
   802  0091                     l1049:
   803                           
   804                           ;masteri2c.c: 93:         PORTD = usart_recep;
   805  0091  0877               	movf	_usart_recep,w
   806  0092  1283               	bcf	3,5	;RP0=0, select bank0
   807  0093  1303               	bcf	3,6	;RP1=0, select bank0
   808  0094  0088               	movwf	8	;volatile
   809  0095                     l1051:
   810                           
   811                           ;masteri2c.c: 95:         _delay((unsigned long)((200)*(4000000/4000.0)));
   812  0095  3002               	movlw	2
   813  0096  1283               	bcf	3,5	;RP0=0, select bank0
   814  0097  1303               	bcf	3,6	;RP1=0, select bank0
   815  0098  00A3               	movwf	??_main+2
   816  0099  3004               	movlw	4
   817  009A  00A2               	movwf	??_main+1
   818  009B  30B9               	movlw	185
   819  009C  00A1               	movwf	??_main
   820  009D                     u577:
   821  009D  0BA1               	decfsz	??_main,f
   822  009E  289D               	goto	u577
   823  009F  0BA2               	decfsz	??_main+1,f
   824  00A0  289D               	goto	u577
   825  00A1  0BA3               	decfsz	??_main+2,f
   826  00A2  289D               	goto	u577
   827  00A3  28A4               	nop2
   828  00A4  2826               	goto	l1017
   829  00A5  120A  118A  280E   	ljmp	start
   830  00A8                     __end_of_main:
   831                           
   832                           	psect	text1
   833  01A6                     __ptext1:	
   834 ;; *************** function _usart_T *****************
   835 ;; Defined at:
   836 ;;		line 50 in file "USART.c"
   837 ;; Parameters:    Size  Location     Type
   838 ;;  t_data          1    wreg     unsigned char 
   839 ;; Auto vars:     Size  Location     Type
   840 ;;  t_data          1    5[COMMON] unsigned char 
   841 ;; Return value:  Size  Location     Type
   842 ;;                  1    wreg      void 
   843 ;; Registers used:
   844 ;;		wreg
   845 ;; Tracked objects:
   846 ;;		On entry : 0/0
   847 ;;		On exit  : 0/0
   848 ;;		Unchanged: 0/0
   849 ;; Data sizes:     COMMON   BANK0   BANK1   BANK3   BANK2
   850 ;;      Params:         0       0       0       0       0
   851 ;;      Locals:         1       0       0       0       0
   852 ;;      Temps:          0       0       0       0       0
   853 ;;      Totals:         1       0       0       0       0
   854 ;;Total ram usage:        1 bytes
   855 ;; Hardware stack levels used:    1
   856 ;; Hardware stack levels required when called:    2
   857 ;; This function calls:
   858 ;;		Nothing
   859 ;; This function is called by:
   860 ;;		_main
   861 ;; This function uses a non-reentrant model
   862 ;;
   863                           
   864                           
   865                           ;psect for function _usart_T
   866  01A6                     _usart_T:
   867                           
   868                           ;incstack = 0
   869                           ; Regs used in _usart_T: [wreg]
   870                           ;usart_T@t_data stored from wreg
   871  01A6  00F5               	movwf	usart_T@t_data
   872  01A7                     l855:
   873                           
   874                           ;USART.c: 51:     if (1 == TXSTAbits.TRMT) {
   875  01A7  1683               	bsf	3,5	;RP0=1, select bank1
   876  01A8  1303               	bcf	3,6	;RP1=0, select bank1
   877  01A9  1C98               	btfss	24,1	;volatile
   878  01AA  29AC               	goto	u211
   879  01AB  29AD               	goto	u210
   880  01AC                     u211:
   881  01AC  29B1               	goto	l187
   882  01AD                     u210:
   883  01AD                     l857:
   884                           
   885                           ;USART.c: 52:         TXREG = t_data;
   886  01AD  0875               	movf	usart_T@t_data,w
   887  01AE  1283               	bcf	3,5	;RP0=0, select bank0
   888  01AF  1303               	bcf	3,6	;RP1=0, select bank0
   889  01B0  0099               	movwf	25	;volatile
   890  01B1                     l187:
   891  01B1  0008               	return
   892  01B2                     __end_of_usart_T:
   893                           
   894                           	psect	text2
   895  0114                     __ptext2:	
   896 ;; *************** function _setup *****************
   897 ;; Defined at:
   898 ;;		line 104 in file "masteri2c.c"
   899 ;; Parameters:    Size  Location     Type
   900 ;;		None
   901 ;; Auto vars:     Size  Location     Type
   902 ;;		None
   903 ;; Return value:  Size  Location     Type
   904 ;;                  1    wreg      void 
   905 ;; Registers used:
   906 ;;		wreg, status,2, status,0, pclath, cstack
   907 ;; Tracked objects:
   908 ;;		On entry : 0/0
   909 ;;		On exit  : 0/0
   910 ;;		Unchanged: 0/0
   911 ;; Data sizes:     COMMON   BANK0   BANK1   BANK3   BANK2
   912 ;;      Params:         0       0       0       0       0
   913 ;;      Locals:         0       0       0       0       0
   914 ;;      Temps:          0       0       0       0       0
   915 ;;      Totals:         0       0       0       0       0
   916 ;;Total ram usage:        0 bytes
   917 ;; Hardware stack levels used:    1
   918 ;; Hardware stack levels required when called:    3
   919 ;; This function calls:
   920 ;;		_usart_conf
   921 ;; This function is called by:
   922 ;;		_main
   923 ;; This function uses a non-reentrant model
   924 ;;
   925                           
   926                           
   927                           ;psect for function _setup
   928  0114                     _setup:
   929  0114                     l789:	
   930                           ;incstack = 0
   931                           ; Regs used in _setup: [wreg+status,2+status,0+pclath+cstack]
   932                           
   933                           
   934                           ;masteri2c.c: 107:     TRISD = 0;
   935  0114  1683               	bsf	3,5	;RP0=1, select bank1
   936  0115  1303               	bcf	3,6	;RP1=0, select bank1
   937  0116  0188               	clrf	8	;volatile
   938                           
   939                           ;masteri2c.c: 108:     ANSELH = 0;
   940  0117  1683               	bsf	3,5	;RP0=1, select bank3
   941  0118  1703               	bsf	3,6	;RP1=1, select bank3
   942  0119  0189               	clrf	9	;volatile
   943  011A                     l791:
   944                           
   945                           ;masteri2c.c: 109:     TRISB = 0B00000010;
   946  011A  3002               	movlw	2
   947  011B  1683               	bsf	3,5	;RP0=1, select bank1
   948  011C  1303               	bcf	3,6	;RP1=0, select bank1
   949  011D  0086               	movwf	6	;volatile
   950  011E                     l793:
   951                           
   952                           ;masteri2c.c: 110:     PORTB = 0;
   953  011E  1283               	bcf	3,5	;RP0=0, select bank0
   954  011F  1303               	bcf	3,6	;RP1=0, select bank0
   955  0120  0186               	clrf	6	;volatile
   956  0121                     l795:
   957                           
   958                           ;masteri2c.c: 111:     PORTD = 0;
   959  0121  0188               	clrf	8	;volatile
   960  0122                     l797:
   961                           
   962                           ;masteri2c.c: 112:     PORTC = 0;
   963  0122  0187               	clrf	7	;volatile
   964                           
   965                           ;masteri2c.c: 115:     TRISC = 0B00011000;
   966  0123  3018               	movlw	24
   967  0124  1683               	bsf	3,5	;RP0=1, select bank1
   968  0125  1303               	bcf	3,6	;RP1=0, select bank1
   969  0126  0087               	movwf	7	;volatile
   970                           
   971                           ;masteri2c.c: 117:     SSPSTAT = 0B10000000;
   972  0127  3080               	movlw	128
   973  0128  0094               	movwf	20	;volatile
   974  0129                     l799:
   975                           
   976                           ;masteri2c.c: 118:     SSPCON2 = 0;
   977  0129  0191               	clrf	17	;volatile
   978  012A                     l801:
   979                           
   980                           ;masteri2c.c: 119:     SSPADD = 9;
   981  012A  3009               	movlw	9
   982  012B  0093               	movwf	19	;volatile
   983  012C                     l803:
   984                           
   985                           ;masteri2c.c: 120:     SSPCON = 0B00101000;
   986  012C  3028               	movlw	40
   987  012D  1283               	bcf	3,5	;RP0=0, select bank0
   988  012E  1303               	bcf	3,6	;RP1=0, select bank0
   989  012F  0094               	movwf	20	;volatile
   990  0130                     l805:
   991                           
   992                           ;masteri2c.c: 123:     usart_conf();
   993  0130  120A  118A  216B  120A  118A  	fcall	_usart_conf
   994  0135                     l807:
   995                           
   996                           ;masteri2c.c: 126:     PIR1 = 0;
   997  0135  1283               	bcf	3,5	;RP0=0, select bank0
   998  0136  1303               	bcf	3,6	;RP1=0, select bank0
   999  0137  018C               	clrf	12	;volatile
  1000  0138                     l809:
  1001                           
  1002                           ;masteri2c.c: 127:     PIE1 = 0B00100000;
  1003  0138  3020               	movlw	32
  1004  0139  1683               	bsf	3,5	;RP0=1, select bank1
  1005  013A  1303               	bcf	3,6	;RP1=0, select bank1
  1006  013B  008C               	movwf	12	;volatile
  1007  013C                     l811:
  1008                           
  1009                           ;masteri2c.c: 128:     INTCON = 0B11000000;
  1010  013C  30C0               	movlw	192
  1011  013D  008B               	movwf	11	;volatile
  1012  013E                     l79:
  1013  013E  0008               	return
  1014  013F                     __end_of_setup:
  1015                           
  1016                           	psect	text3
  1017  016B                     __ptext3:	
  1018 ;; *************** function _usart_conf *****************
  1019 ;; Defined at:
  1020 ;;		line 16 in file "USART.c"
  1021 ;; Parameters:    Size  Location     Type
  1022 ;;		None
  1023 ;; Auto vars:     Size  Location     Type
  1024 ;;		None
  1025 ;; Return value:  Size  Location     Type
  1026 ;;                  1    wreg      void 
  1027 ;; Registers used:
  1028 ;;		wreg, status,2
  1029 ;; Tracked objects:
  1030 ;;		On entry : 0/0
  1031 ;;		On exit  : 0/0
  1032 ;;		Unchanged: 0/0
  1033 ;; Data sizes:     COMMON   BANK0   BANK1   BANK3   BANK2
  1034 ;;      Params:         0       0       0       0       0
  1035 ;;      Locals:         0       0       0       0       0
  1036 ;;      Temps:          0       0       0       0       0
  1037 ;;      Totals:         0       0       0       0       0
  1038 ;;Total ram usage:        0 bytes
  1039 ;; Hardware stack levels used:    1
  1040 ;; Hardware stack levels required when called:    2
  1041 ;; This function calls:
  1042 ;;		Nothing
  1043 ;; This function is called by:
  1044 ;;		_setup
  1045 ;; This function uses a non-reentrant model
  1046 ;;
  1047                           
  1048                           
  1049                           ;psect for function _usart_conf
  1050  016B                     _usart_conf:
  1051  016B                     l783:	
  1052                           ;incstack = 0
  1053                           ; Regs used in _usart_conf: [wreg+status,2]
  1054                           
  1055                           
  1056                           ;USART.c: 18:     SPBRG = 25;
  1057  016B  3019               	movlw	25
  1058  016C  1683               	bsf	3,5	;RP0=1, select bank1
  1059  016D  1303               	bcf	3,6	;RP1=0, select bank1
  1060  016E  0099               	movwf	25	;volatile
  1061  016F                     l785:
  1062                           
  1063                           ;USART.c: 19:     SPBRGH = 0;
  1064  016F  019A               	clrf	26	;volatile
  1065  0170                     l787:
  1066                           
  1067                           ;USART.c: 20:     BAUDCTL = 0B00000000;
  1068  0170  1683               	bsf	3,5	;RP0=1, select bank3
  1069  0171  1703               	bsf	3,6	;RP1=1, select bank3
  1070  0172  0187               	clrf	7	;volatile
  1071                           
  1072                           ;USART.c: 29:     TXSTA = 0B00100100;
  1073  0173  3024               	movlw	36
  1074  0174  1683               	bsf	3,5	;RP0=1, select bank1
  1075  0175  1303               	bcf	3,6	;RP1=0, select bank1
  1076  0176  0098               	movwf	24	;volatile
  1077                           
  1078                           ;USART.c: 39:     RCSTA = 0B10010000;
  1079  0177  3090               	movlw	144
  1080  0178  1283               	bcf	3,5	;RP0=0, select bank0
  1081  0179  1303               	bcf	3,6	;RP1=0, select bank0
  1082  017A  0098               	movwf	24	;volatile
  1083  017B                     l183:
  1084  017B  0008               	return
  1085  017C                     __end_of_usart_conf:
  1086                           
  1087                           	psect	text4
  1088  00A8                     __ptext4:	
  1089 ;; *************** function _i2c_leer *****************
  1090 ;; Defined at:
  1091 ;;		line 40 in file "pici2c.c"
  1092 ;; Parameters:    Size  Location     Type
  1093 ;;  ak              1    wreg     unsigned char 
  1094 ;;  lect            1    5[COMMON] PTR unsigned char 
  1095 ;;		 -> i2c_recep(1), 
  1096 ;; Auto vars:     Size  Location     Type
  1097 ;;  ak              1    0[BANK0 ] unsigned char 
  1098 ;; Return value:  Size  Location     Type
  1099 ;;                  1    wreg      void 
  1100 ;; Registers used:
  1101 ;;		wreg, fsr0l, fsr0h, status,2, status,0
  1102 ;; Tracked objects:
  1103 ;;		On entry : 0/0
  1104 ;;		On exit  : 0/0
  1105 ;;		Unchanged: 0/0
  1106 ;; Data sizes:     COMMON   BANK0   BANK1   BANK3   BANK2
  1107 ;;      Params:         1       0       0       0       0
  1108 ;;      Locals:         0       1       0       0       0
  1109 ;;      Temps:          1       0       0       0       0
  1110 ;;      Totals:         2       1       0       0       0
  1111 ;;Total ram usage:        3 bytes
  1112 ;; Hardware stack levels used:    1
  1113 ;; Hardware stack levels required when called:    2
  1114 ;; This function calls:
  1115 ;;		Nothing
  1116 ;; This function is called by:
  1117 ;;		_main
  1118 ;;		_leer8
  1119 ;;		_leer16
  1120 ;; This function uses a non-reentrant model
  1121 ;;
  1122                           
  1123                           
  1124                           ;psect for function _i2c_leer
  1125  00A8                     _i2c_leer:
  1126                           
  1127                           ;incstack = 0
  1128                           ; Regs used in _i2c_leer: [wreg-fsr0h+status,2+status,0]
  1129                           ;i2c_leer@ak stored from wreg
  1130  00A8  1283               	bcf	3,5	;RP0=0, select bank0
  1131  00A9  1303               	bcf	3,6	;RP1=0, select bank0
  1132  00AA  00A0               	movwf	i2c_leer@ak
  1133  00AB                     l999:
  1134  00AB                     l153:	
  1135                           ;pici2c.c: 41:     while ((SSPSTAT & 0B00000100) || (SSPCON2 & 0B00011111));
  1136                           
  1137  00AB  1683               	bsf	3,5	;RP0=1, select bank1
  1138  00AC  1303               	bcf	3,6	;RP1=0, select bank1
  1139  00AD  1914               	btfsc	20,2	;volatile
  1140  00AE  28B0               	goto	u441
  1141  00AF  28B1               	goto	u440
  1142  00B0                     u441:
  1143  00B0  28AB               	goto	l153
  1144  00B1                     u440:
  1145  00B1                     l1001:
  1146  00B1  0811               	movf	17,w	;volatile
  1147  00B2  391F               	andlw	31
  1148  00B3  1D03               	btfss	3,2
  1149  00B4  28B6               	goto	u451
  1150  00B5  28B7               	goto	u450
  1151  00B6                     u451:
  1152  00B6  28AB               	goto	l153
  1153  00B7                     u450:
  1154  00B7                     l155:
  1155                           
  1156                           ;pici2c.c: 42:     RCEN = 1;
  1157  00B7  1591               	bsf	17,3	;volatile
  1158  00B8                     l156:	
  1159                           ;pici2c.c: 43:     while ((SSPSTAT & 0B00000100) || (SSPCON2 & 0B00011111));
  1160                           
  1161  00B8  1914               	btfsc	20,2	;volatile
  1162  00B9  28BB               	goto	u461
  1163  00BA  28BC               	goto	u460
  1164  00BB                     u461:
  1165  00BB  28B8               	goto	l156
  1166  00BC                     u460:
  1167  00BC                     l1003:
  1168  00BC  0811               	movf	17,w	;volatile
  1169  00BD  391F               	andlw	31
  1170  00BE  1D03               	btfss	3,2
  1171  00BF  28C1               	goto	u471
  1172  00C0  28C2               	goto	u470
  1173  00C1                     u471:
  1174  00C1  28B8               	goto	l156
  1175  00C2                     u470:
  1176  00C2                     l1005:
  1177                           
  1178                           ;pici2c.c: 44:     *lect = SSPBUF;
  1179  00C2  1283               	bcf	3,5	;RP0=0, select bank0
  1180  00C3  1303               	bcf	3,6	;RP1=0, select bank0
  1181  00C4  0813               	movf	19,w	;volatile
  1182  00C5  00F6               	movwf	??_i2c_leer
  1183  00C6  0875               	movf	i2c_leer@lect,w
  1184  00C7  0084               	movwf	4
  1185  00C8  0876               	movf	??_i2c_leer,w
  1186  00C9  0080               	movwf	0
  1187  00CA                     l159:	
  1188                           ;pici2c.c: 45:     while ((SSPSTAT & 0B00000100) || (SSPCON2 & 0B00011111));
  1189                           
  1190  00CA  1683               	bsf	3,5	;RP0=1, select bank1
  1191  00CB  1303               	bcf	3,6	;RP1=0, select bank1
  1192  00CC  1914               	btfsc	20,2	;volatile
  1193  00CD  28CF               	goto	u481
  1194  00CE  28D0               	goto	u480
  1195  00CF                     u481:
  1196  00CF  28CA               	goto	l159
  1197  00D0                     u480:
  1198  00D0                     l1007:
  1199  00D0  0811               	movf	17,w	;volatile
  1200  00D1  391F               	andlw	31
  1201  00D2  1D03               	btfss	3,2
  1202  00D3  28D5               	goto	u491
  1203  00D4  28D6               	goto	u490
  1204  00D5                     u491:
  1205  00D5  28CA               	goto	l159
  1206  00D6                     u490:
  1207  00D6                     l1009:
  1208                           
  1209                           ;pici2c.c: 46:     ACKDT = (ak) ? 1 : 0;
  1210  00D6  1283               	bcf	3,5	;RP0=0, select bank0
  1211  00D7  1303               	bcf	3,6	;RP1=0, select bank0
  1212  00D8  0820               	movf	i2c_leer@ak,w
  1213  00D9  1D03               	btfss	3,2
  1214  00DA  28DC               	goto	u501
  1215  00DB  28E0               	goto	u500
  1216  00DC                     u501:
  1217  00DC  1683               	bsf	3,5	;RP0=1, select bank1
  1218  00DD  1303               	bcf	3,6	;RP1=0, select bank1
  1219  00DE  1691               	bsf	17,5	;volatile
  1220  00DF  28E3               	goto	u514
  1221  00E0                     u500:
  1222  00E0  1683               	bsf	3,5	;RP0=1, select bank1
  1223  00E1  1303               	bcf	3,6	;RP1=0, select bank1
  1224  00E2  1291               	bcf	17,5	;volatile
  1225  00E3                     u514:
  1226  00E3                     l1011:
  1227                           
  1228                           ;pici2c.c: 47:     ACKEN = 1;
  1229  00E3  1611               	bsf	17,4	;volatile
  1230  00E4                     l162:
  1231  00E4  0008               	return
  1232  00E5                     __end_of_i2c_leer:
  1233                           
  1234                           	psect	text5
  1235  017C                     __ptext5:	
  1236 ;; *************** function _i2c_iniciar *****************
  1237 ;; Defined at:
  1238 ;;		line 15 in file "pici2c.c"
  1239 ;; Parameters:    Size  Location     Type
  1240 ;;		None
  1241 ;; Auto vars:     Size  Location     Type
  1242 ;;		None
  1243 ;; Return value:  Size  Location     Type
  1244 ;;                  1    wreg      void 
  1245 ;; Registers used:
  1246 ;;		wreg, status,2
  1247 ;; Tracked objects:
  1248 ;;		On entry : 0/0
  1249 ;;		On exit  : 0/0
  1250 ;;		Unchanged: 0/0
  1251 ;; Data sizes:     COMMON   BANK0   BANK1   BANK3   BANK2
  1252 ;;      Params:         0       0       0       0       0
  1253 ;;      Locals:         0       0       0       0       0
  1254 ;;      Temps:          0       0       0       0       0
  1255 ;;      Totals:         0       0       0       0       0
  1256 ;;Total ram usage:        0 bytes
  1257 ;; Hardware stack levels used:    1
  1258 ;; Hardware stack levels required when called:    2
  1259 ;; This function calls:
  1260 ;;		Nothing
  1261 ;; This function is called by:
  1262 ;;		_main
  1263 ;;		_escribir8
  1264 ;;		_leer8
  1265 ;;		_leer16
  1266 ;; This function uses a non-reentrant model
  1267 ;;
  1268                           
  1269                           
  1270                           ;psect for function _i2c_iniciar
  1271  017C                     _i2c_iniciar:
  1272  017C                     l813:	
  1273                           ;incstack = 0
  1274                           ; Regs used in _i2c_iniciar: [wreg+status,2]
  1275                           
  1276  017C                     l123:	
  1277                           ;pici2c.c: 16:     while ((SSPSTAT & 0B00000100) || (SSPCON2 & 0B00011111));
  1278                           
  1279  017C  1683               	bsf	3,5	;RP0=1, select bank1
  1280  017D  1303               	bcf	3,6	;RP1=0, select bank1
  1281  017E  1914               	btfsc	20,2	;volatile
  1282  017F  2981               	goto	u11
  1283  0180  2982               	goto	u10
  1284  0181                     u11:
  1285  0181  297C               	goto	l123
  1286  0182                     u10:
  1287  0182                     l815:
  1288  0182  0811               	movf	17,w	;volatile
  1289  0183  391F               	andlw	31
  1290  0184  1D03               	btfss	3,2
  1291  0185  2987               	goto	u21
  1292  0186  2988               	goto	u20
  1293  0187                     u21:
  1294  0187  297C               	goto	l123
  1295  0188                     u20:
  1296  0188                     l125:
  1297                           
  1298                           ;pici2c.c: 17:     SEN = 1;
  1299  0188  1411               	bsf	17,0	;volatile
  1300  0189                     l126:
  1301  0189  0008               	return
  1302  018A                     __end_of_i2c_iniciar:
  1303                           
  1304                           	psect	text6
  1305  00E5                     __ptext6:	
  1306 ;; *************** function _i2c_funcion *****************
  1307 ;; Defined at:
  1308 ;;		line 20 in file "pici2c.c"
  1309 ;; Parameters:    Size  Location     Type
  1310 ;;  addr            1    wreg     unsigned char 
  1311 ;;  mode            1    5[COMMON] unsigned char 
  1312 ;; Auto vars:     Size  Location     Type
  1313 ;;  addr            1    6[COMMON] unsigned char 
  1314 ;; Return value:  Size  Location     Type
  1315 ;;                  1    wreg      void 
  1316 ;; Registers used:
  1317 ;;		wreg, status,2, status,0
  1318 ;; Tracked objects:
  1319 ;;		On entry : 0/0
  1320 ;;		On exit  : 0/0
  1321 ;;		Unchanged: 0/0
  1322 ;; Data sizes:     COMMON   BANK0   BANK1   BANK3   BANK2
  1323 ;;      Params:         1       0       0       0       0
  1324 ;;      Locals:         1       0       0       0       0
  1325 ;;      Temps:          0       0       0       0       0
  1326 ;;      Totals:         2       0       0       0       0
  1327 ;;Total ram usage:        2 bytes
  1328 ;; Hardware stack levels used:    1
  1329 ;; Hardware stack levels required when called:    2
  1330 ;; This function calls:
  1331 ;;		Nothing
  1332 ;; This function is called by:
  1333 ;;		_main
  1334 ;;		_escribir8
  1335 ;;		_leer8
  1336 ;;		_leer16
  1337 ;; This function uses a non-reentrant model
  1338 ;;
  1339                           
  1340                           
  1341                           ;psect for function _i2c_funcion
  1342  00E5                     _i2c_funcion:
  1343                           
  1344                           ;incstack = 0
  1345                           ; Regs used in _i2c_funcion: [wreg+status,2+status,0]
  1346                           ;i2c_funcion@addr stored from wreg
  1347  00E5  00F6               	movwf	i2c_funcion@addr
  1348  00E6                     l921:
  1349  00E6                     l129:	
  1350                           ;pici2c.c: 21:     while ((SSPSTAT & 0B00000100) || (SSPCON2 & 0B00011111));
  1351                           
  1352  00E6  1683               	bsf	3,5	;RP0=1, select bank1
  1353  00E7  1303               	bcf	3,6	;RP1=0, select bank1
  1354  00E8  1914               	btfsc	20,2	;volatile
  1355  00E9  28EB               	goto	u271
  1356  00EA  28EC               	goto	u270
  1357  00EB                     u271:
  1358  00EB  28E6               	goto	l129
  1359  00EC                     u270:
  1360  00EC                     l923:
  1361  00EC  0811               	movf	17,w	;volatile
  1362  00ED  391F               	andlw	31
  1363  00EE  1D03               	btfss	3,2
  1364  00EF  28F1               	goto	u281
  1365  00F0  28F2               	goto	u280
  1366  00F1                     u281:
  1367  00F1  28E6               	goto	l129
  1368  00F2                     u280:
  1369  00F2                     l925:
  1370                           
  1371                           ;pici2c.c: 22:     if (0 == mode) {
  1372  00F2  0875               	movf	i2c_funcion@mode,w
  1373  00F3  1D03               	btfss	3,2
  1374  00F4  28F6               	goto	u291
  1375  00F5  28F7               	goto	u290
  1376  00F6                     u291:
  1377  00F6  28FD               	goto	l929
  1378  00F7                     u290:
  1379  00F7                     l927:
  1380                           
  1381                           ;pici2c.c: 23:         SSPBUF = addr & 0B11111110;
  1382  00F7  0876               	movf	i2c_funcion@addr,w
  1383  00F8  39FE               	andlw	254
  1384  00F9  1283               	bcf	3,5	;RP0=0, select bank0
  1385  00FA  1303               	bcf	3,6	;RP1=0, select bank0
  1386  00FB  0093               	movwf	19	;volatile
  1387                           
  1388                           ;pici2c.c: 24:     } else if (1 == mode) {
  1389  00FC  2907               	goto	l135
  1390  00FD                     l929:
  1391  00FD  0375               	decf	i2c_funcion@mode,w
  1392  00FE  1D03               	btfss	3,2
  1393  00FF  2901               	goto	u301
  1394  0100  2902               	goto	u300
  1395  0101                     u301:
  1396  0101  2907               	goto	l135
  1397  0102                     u300:
  1398  0102                     l931:
  1399                           
  1400                           ;pici2c.c: 25:         SSPBUF = addr | 0B00000001;
  1401  0102  0876               	movf	i2c_funcion@addr,w
  1402  0103  3801               	iorlw	1
  1403  0104  1283               	bcf	3,5	;RP0=0, select bank0
  1404  0105  1303               	bcf	3,6	;RP1=0, select bank0
  1405  0106  0093               	movwf	19	;volatile
  1406  0107                     l135:
  1407  0107  1683               	bsf	3,5	;RP0=1, select bank1
  1408  0108  1303               	bcf	3,6	;RP1=0, select bank1
  1409  0109  1914               	btfsc	20,2	;volatile
  1410  010A  290C               	goto	u311
  1411  010B  290D               	goto	u310
  1412  010C                     u311:
  1413  010C  2907               	goto	l135
  1414  010D                     u310:
  1415  010D                     l933:
  1416  010D  0811               	movf	17,w	;volatile
  1417  010E  391F               	andlw	31
  1418  010F  1D03               	btfss	3,2
  1419  0110  2912               	goto	u321
  1420  0111  2913               	goto	u320
  1421  0112                     u321:
  1422  0112  2907               	goto	l135
  1423  0113                     u320:
  1424  0113                     l138:
  1425  0113  0008               	return
  1426  0114                     __end_of_i2c_funcion:
  1427                           
  1428                           	psect	text7
  1429  0159                     __ptext7:	
  1430 ;; *************** function _i2c_escribir *****************
  1431 ;; Defined at:
  1432 ;;		line 30 in file "pici2c.c"
  1433 ;; Parameters:    Size  Location     Type
  1434 ;;  data            1    wreg     unsigned char 
  1435 ;; Auto vars:     Size  Location     Type
  1436 ;;  data            1    5[COMMON] unsigned char 
  1437 ;; Return value:  Size  Location     Type
  1438 ;;                  1    wreg      void 
  1439 ;; Registers used:
  1440 ;;		wreg, status,2
  1441 ;; Tracked objects:
  1442 ;;		On entry : 0/0
  1443 ;;		On exit  : 0/0
  1444 ;;		Unchanged: 0/0
  1445 ;; Data sizes:     COMMON   BANK0   BANK1   BANK3   BANK2
  1446 ;;      Params:         0       0       0       0       0
  1447 ;;      Locals:         1       0       0       0       0
  1448 ;;      Temps:          0       0       0       0       0
  1449 ;;      Totals:         1       0       0       0       0
  1450 ;;Total ram usage:        1 bytes
  1451 ;; Hardware stack levels used:    1
  1452 ;; Hardware stack levels required when called:    2
  1453 ;; This function calls:
  1454 ;;		Nothing
  1455 ;; This function is called by:
  1456 ;;		_main
  1457 ;;		_escribir8
  1458 ;;		_leer8
  1459 ;;		_leer16
  1460 ;; This function uses a non-reentrant model
  1461 ;;
  1462                           
  1463                           
  1464                           ;psect for function _i2c_escribir
  1465  0159                     _i2c_escribir:
  1466                           
  1467                           ;incstack = 0
  1468                           ; Regs used in _i2c_escribir: [wreg+status,2]
  1469                           ;i2c_escribir@data stored from wreg
  1470  0159  00F5               	movwf	i2c_escribir@data
  1471  015A                     l849:
  1472  015A                     l141:	
  1473                           ;pici2c.c: 31:     while ((SSPSTAT & 0B00000100) || (SSPCON2 & 0B00011111));
  1474                           
  1475  015A  1683               	bsf	3,5	;RP0=1, select bank1
  1476  015B  1303               	bcf	3,6	;RP1=0, select bank1
  1477  015C  1914               	btfsc	20,2	;volatile
  1478  015D  295F               	goto	u191
  1479  015E  2960               	goto	u190
  1480  015F                     u191:
  1481  015F  295A               	goto	l141
  1482  0160                     u190:
  1483  0160                     l851:
  1484  0160  0811               	movf	17,w	;volatile
  1485  0161  391F               	andlw	31
  1486  0162  1D03               	btfss	3,2
  1487  0163  2965               	goto	u201
  1488  0164  2966               	goto	u200
  1489  0165                     u201:
  1490  0165  295A               	goto	l141
  1491  0166                     u200:
  1492  0166                     l853:
  1493                           
  1494                           ;pici2c.c: 32:     SSPBUF = data;
  1495  0166  0875               	movf	i2c_escribir@data,w
  1496  0167  1283               	bcf	3,5	;RP0=0, select bank0
  1497  0168  1303               	bcf	3,6	;RP1=0, select bank0
  1498  0169  0093               	movwf	19	;volatile
  1499  016A                     l144:
  1500  016A  0008               	return
  1501  016B                     __end_of_i2c_escribir:
  1502                           
  1503                           	psect	text8
  1504  018A                     __ptext8:	
  1505 ;; *************** function _i2c_detener *****************
  1506 ;; Defined at:
  1507 ;;		line 35 in file "pici2c.c"
  1508 ;; Parameters:    Size  Location     Type
  1509 ;;		None
  1510 ;; Auto vars:     Size  Location     Type
  1511 ;;		None
  1512 ;; Return value:  Size  Location     Type
  1513 ;;                  1    wreg      void 
  1514 ;; Registers used:
  1515 ;;		wreg, status,2
  1516 ;; Tracked objects:
  1517 ;;		On entry : 0/0
  1518 ;;		On exit  : 0/0
  1519 ;;		Unchanged: 0/0
  1520 ;; Data sizes:     COMMON   BANK0   BANK1   BANK3   BANK2
  1521 ;;      Params:         0       0       0       0       0
  1522 ;;      Locals:         0       0       0       0       0
  1523 ;;      Temps:          0       0       0       0       0
  1524 ;;      Totals:         0       0       0       0       0
  1525 ;;Total ram usage:        0 bytes
  1526 ;; Hardware stack levels used:    1
  1527 ;; Hardware stack levels required when called:    2
  1528 ;; This function calls:
  1529 ;;		Nothing
  1530 ;; This function is called by:
  1531 ;;		_main
  1532 ;;		_escribir8
  1533 ;;		_leer8
  1534 ;;		_leer16
  1535 ;; This function uses a non-reentrant model
  1536 ;;
  1537                           
  1538                           
  1539                           ;psect for function _i2c_detener
  1540  018A                     _i2c_detener:
  1541  018A                     l845:	
  1542                           ;incstack = 0
  1543                           ; Regs used in _i2c_detener: [wreg+status,2]
  1544                           
  1545  018A                     l147:	
  1546                           ;pici2c.c: 36:     while ((SSPSTAT & 0B00000100) || (SSPCON2 & 0B00011111));
  1547                           
  1548  018A  1683               	bsf	3,5	;RP0=1, select bank1
  1549  018B  1303               	bcf	3,6	;RP1=0, select bank1
  1550  018C  1914               	btfsc	20,2	;volatile
  1551  018D  298F               	goto	u171
  1552  018E  2990               	goto	u170
  1553  018F                     u171:
  1554  018F  298A               	goto	l147
  1555  0190                     u170:
  1556  0190                     l847:
  1557  0190  0811               	movf	17,w	;volatile
  1558  0191  391F               	andlw	31
  1559  0192  1D03               	btfss	3,2
  1560  0193  2995               	goto	u181
  1561  0194  2996               	goto	u180
  1562  0195                     u181:
  1563  0195  298A               	goto	l147
  1564  0196                     u180:
  1565  0196                     l149:
  1566                           
  1567                           ;pici2c.c: 37:     PEN = 1;
  1568  0196  1511               	bsf	17,2	;volatile
  1569  0197                     l150:
  1570  0197  0008               	return
  1571  0198                     __end_of_i2c_detener:
  1572                           
  1573                           	psect	text9
  1574  013F                     __ptext9:	
  1575 ;; *************** function _isr *****************
  1576 ;; Defined at:
  1577 ;;		line 139 in file "masteri2c.c"
  1578 ;; Parameters:    Size  Location     Type
  1579 ;;		None
  1580 ;; Auto vars:     Size  Location     Type
  1581 ;;		None
  1582 ;; Return value:  Size  Location     Type
  1583 ;;                  1    wreg      void 
  1584 ;; Registers used:
  1585 ;;		wreg, fsr0l, fsr0h, status,2, status,0, pclath, cstack
  1586 ;; Tracked objects:
  1587 ;;		On entry : 0/0
  1588 ;;		On exit  : 0/0
  1589 ;;		Unchanged: 0/0
  1590 ;; Data sizes:     COMMON   BANK0   BANK1   BANK3   BANK2
  1591 ;;      Params:         0       0       0       0       0
  1592 ;;      Locals:         0       0       0       0       0
  1593 ;;      Temps:          3       0       0       0       0
  1594 ;;      Totals:         3       0       0       0       0
  1595 ;;Total ram usage:        3 bytes
  1596 ;; Hardware stack levels used:    1
  1597 ;; Hardware stack levels required when called:    1
  1598 ;; This function calls:
  1599 ;;		_usart_R
  1600 ;; This function is called by:
  1601 ;;		Interrupt level 1
  1602 ;; This function uses a non-reentrant model
  1603 ;;
  1604                           
  1605                           
  1606                           ;psect for function _isr
  1607  013F                     _isr:
  1608  013F                     i1l903:
  1609                           
  1610                           ;masteri2c.c: 140:     GIE = 0;
  1611  013F  138B               	bcf	11,7	;volatile
  1612                           
  1613                           ;masteri2c.c: 141:     if (RCIF) {
  1614  0140  1283               	bcf	3,5	;RP0=0, select bank0
  1615  0141  1303               	bcf	3,6	;RP1=0, select bank0
  1616  0142  1E8C               	btfss	12,5	;volatile
  1617  0143  2945               	goto	u26_21
  1618  0144  2946               	goto	u26_20
  1619  0145                     u26_21:
  1620  0145  294F               	goto	i1l909
  1621  0146                     u26_20:
  1622  0146                     i1l905:
  1623                           
  1624                           ;masteri2c.c: 142:         usart_R(&usart_recep);
  1625  0146  3077               	movlw	(low (_usart_recep| 0))& (0+255)
  1626  0147  120A  118A  2198  120A  118A  	fcall	_usart_R
  1627  014C                     i1l907:
  1628                           
  1629                           ;masteri2c.c: 143:         RCIF = 0;
  1630  014C  1283               	bcf	3,5	;RP0=0, select bank0
  1631  014D  1303               	bcf	3,6	;RP1=0, select bank0
  1632  014E  128C               	bcf	12,5	;volatile
  1633  014F                     i1l909:
  1634                           
  1635                           ;masteri2c.c: 145:     GIE = 1;
  1636  014F  178B               	bsf	11,7	;volatile
  1637  0150                     i1l85:
  1638  0150  0874               	movf	??_isr+2,w
  1639  0151  008A               	movwf	10
  1640  0152  0873               	movf	??_isr+1,w
  1641  0153  0084               	movwf	4
  1642  0154  0E72               	swapf	??_isr,w
  1643  0155  0083               	movwf	3
  1644  0156  0EFE               	swapf	btemp,f
  1645  0157  0E7E               	swapf	btemp,w
  1646  0158  0009               	retfie
  1647  0159                     __end_of_isr:
  1648                           
  1649                           	psect	intentry
  1650  0004                     __pintentry:	
  1651                           ;incstack = 0
  1652                           ; Regs used in _isr: [wreg-fsr0h+status,2+status,0+pclath+cstack]
  1653                           
  1654  0004                     interrupt_function:
  1655  007E                     saved_w	set	btemp
  1656  0004  00FE               	movwf	btemp
  1657  0005  0E03               	swapf	3,w
  1658  0006  00F2               	movwf	??_isr
  1659  0007  0804               	movf	4,w
  1660  0008  00F3               	movwf	??_isr+1
  1661  0009  080A               	movf	10,w
  1662  000A  00F4               	movwf	??_isr+2
  1663  000B  120A  118A  293F   	ljmp	_isr
  1664                           
  1665                           	psect	text10
  1666  0198                     __ptext10:	
  1667 ;; *************** function _usart_R *****************
  1668 ;; Defined at:
  1669 ;;		line 68 in file "USART.c"
  1670 ;; Parameters:    Size  Location     Type
  1671 ;;  r_data          1    wreg     PTR unsigned char 
  1672 ;;		 -> usart_recep(1), 
  1673 ;; Auto vars:     Size  Location     Type
  1674 ;;  r_data          1    1[COMMON] PTR unsigned char 
  1675 ;;		 -> usart_recep(1), 
  1676 ;; Return value:  Size  Location     Type
  1677 ;;                  1    wreg      void 
  1678 ;; Registers used:
  1679 ;;		wreg, fsr0l, fsr0h
  1680 ;; Tracked objects:
  1681 ;;		On entry : 0/0
  1682 ;;		On exit  : 0/0
  1683 ;;		Unchanged: 0/0
  1684 ;; Data sizes:     COMMON   BANK0   BANK1   BANK3   BANK2
  1685 ;;      Params:         0       0       0       0       0
  1686 ;;      Locals:         1       0       0       0       0
  1687 ;;      Temps:          1       0       0       0       0
  1688 ;;      Totals:         2       0       0       0       0
  1689 ;;Total ram usage:        2 bytes
  1690 ;; Hardware stack levels used:    1
  1691 ;; This function calls:
  1692 ;;		Nothing
  1693 ;; This function is called by:
  1694 ;;		_isr
  1695 ;; This function uses a non-reentrant model
  1696 ;;
  1697                           
  1698                           
  1699                           ;psect for function _usart_R
  1700  0198                     _usart_R:
  1701                           
  1702                           ;incstack = 0
  1703                           ; Regs used in _usart_R: [wregfsr0]
  1704                           ;usart_R@r_data stored from wreg
  1705  0198  00F1               	movwf	usart_R@r_data
  1706  0199                     i1l859:
  1707                           
  1708                           ;USART.c: 69:     if (1 == PIR1bits.RCIF) {
  1709  0199  1283               	bcf	3,5	;RP0=0, select bank0
  1710  019A  1303               	bcf	3,6	;RP1=0, select bank0
  1711  019B  1E8C               	btfss	12,5	;volatile
  1712  019C  299E               	goto	u22_21
  1713  019D  299F               	goto	u22_20
  1714  019E                     u22_21:
  1715  019E  29A5               	goto	i1l191
  1716  019F                     u22_20:
  1717  019F                     i1l861:
  1718                           
  1719                           ;USART.c: 70:         *r_data = RCREG;
  1720  019F  081A               	movf	26,w	;volatile
  1721  01A0  00F0               	movwf	??_usart_R
  1722  01A1  0871               	movf	usart_R@r_data,w
  1723  01A2  0084               	movwf	4
  1724  01A3  0870               	movf	??_usart_R,w
  1725  01A4  0080               	movwf	0
  1726  01A5                     i1l191:
  1727  01A5  0008               	return
  1728  01A6                     __end_of_usart_R:
  1729  007E                     btemp	set	126	;btemp
  1730  007E                     wtemp0	set	126
  1731                           
  1732                           	psect	config
  1733                           
  1734                           ;Config register CONFIG1 @ 0x2007
  1735                           ;	Oscillator Selection bits
  1736                           ;	FOSC = INTRC_NOCLKOUT, INTOSCIO oscillator: I/O function on RA6/OSC2/CLKOUT pin, I/O f
      +                          unction on RA7/OSC1/CLKIN
  1737                           ;	Watchdog Timer Enable bit
  1738                           ;	WDTE = OFF, WDT disabled and can be enabled by SWDTEN bit of the WDTCON register
  1739                           ;	Power-up Timer Enable bit
  1740                           ;	PWRTE = OFF, PWRT disabled
  1741                           ;	RE3/MCLR pin function select bit
  1742                           ;	MCLRE = OFF, RE3/MCLR pin function is digital input, MCLR internally tied to VDD
  1743                           ;	Code Protection bit
  1744                           ;	CP = OFF, Program memory code protection is disabled
  1745                           ;	Data Code Protection bit
  1746                           ;	CPD = OFF, Data memory code protection is disabled
  1747                           ;	Brown Out Reset Selection bits
  1748                           ;	BOREN = OFF, BOR disabled
  1749                           ;	Internal External Switchover bit
  1750                           ;	IESO = OFF, Internal/External Switchover mode is disabled
  1751                           ;	Fail-Safe Clock Monitor Enabled bit
  1752                           ;	FCMEN = OFF, Fail-Safe Clock Monitor is disabled
  1753                           ;	Low Voltage Programming Enable bit
  1754                           ;	LVP = OFF, RB3 pin has digital I/O, HV on MCLR must be used for programming
  1755                           ;	In-Circuit Debugger Mode bit
  1756                           ;	DEBUG = 0x1, unprogrammed default
  1757  2007                     	org	8199
  1758  2007  20D4               	dw	8404
  1759                           
  1760                           ;Config register CONFIG2 @ 0x2008
  1761                           ;	Brown-out Reset Selection bit
  1762                           ;	BOR4V = BOR40V, Brown-out Reset set to 4.0V
  1763                           ;	Flash Program Memory Self Write Enable bits
  1764                           ;	WRT = OFF, Write protection off
  1765  2008                     	org	8200
  1766  2008  3FFF               	dw	16383

Data Sizes:
    Strings     0
    Constant    0
    Data        0
    BSS         2
    Persistent  0
    Stack       0

Auto Spaces:
    Space          Size  Autos    Used
    COMMON           14      7       9
    BANK0            80      4       4
    BANK1            80      0       0
    BANK3            96      0       0
    BANK2            96      0       0

Pointer List with Targets:

    usart_R@r_data	PTR unsigned char  size(1) Largest target is 1
		 -> usart_recep(COMMON[1]), 

    i2c_leer@lect	PTR unsigned char  size(1) Largest target is 1
		 -> i2c_recep(COMMON[1]), 


Critical Paths under _main in COMMON

    _main->_i2c_funcion
    _main->_i2c_leer

Critical Paths under _isr in COMMON

    _isr->_usart_R

Critical Paths under _main in BANK0

    _main->_i2c_leer

Critical Paths under _isr in BANK0

    None.

Critical Paths under _main in BANK1

    None.

Critical Paths under _isr in BANK1

    None.

Critical Paths under _main in BANK3

    None.

Critical Paths under _isr in BANK3

    None.

Critical Paths under _main in BANK2

    None.

Critical Paths under _isr in BANK2

    None.

Call Graph Tables:

 ---------------------------------------------------------------------------------
 (Depth) Function   	        Calls       Base Space   Used Autos Params    Refs
 ---------------------------------------------------------------------------------
 (0) _main                                                 3     3      0     982
                                              1 BANK0      3     3      0
                        _i2c_detener
                       _i2c_escribir
                        _i2c_funcion
                        _i2c_iniciar
                           _i2c_leer
                              _setup
                            _usart_T
 ---------------------------------------------------------------------------------
 (1) _usart_T                                              1     1      0      15
                                              5 COMMON     1     1      0
 ---------------------------------------------------------------------------------
 (1) _setup                                                0     0      0       0
                         _usart_conf
 ---------------------------------------------------------------------------------
 (2) _usart_conf                                           0     0      0       0
 ---------------------------------------------------------------------------------
 (1) _i2c_leer                                             3     2      1     332
                                              5 COMMON     2     1      1
                                              0 BANK0      1     1      0
 ---------------------------------------------------------------------------------
 (1) _i2c_iniciar                                          0     0      0       0
 ---------------------------------------------------------------------------------
 (1) _i2c_funcion                                          2     1      1     620
                                              5 COMMON     2     1      1
 ---------------------------------------------------------------------------------
 (1) _i2c_escribir                                         1     1      0      15
                                              5 COMMON     1     1      0
 ---------------------------------------------------------------------------------
 (1) _i2c_detener                                          0     0      0       0
 ---------------------------------------------------------------------------------
 Estimated maximum stack depth 2
 ---------------------------------------------------------------------------------
 (Depth) Function   	        Calls       Base Space   Used Autos Params    Refs
 ---------------------------------------------------------------------------------
 (3) _isr                                                  3     3      0      45
                                              2 COMMON     3     3      0
                            _usart_R
 ---------------------------------------------------------------------------------
 (4) _usart_R                                              2     2      0      45
                                              0 COMMON     2     2      0
 ---------------------------------------------------------------------------------
 Estimated maximum stack depth 4
 ---------------------------------------------------------------------------------

 Call Graph Graphs:

 _main (ROOT)
   _i2c_detener
   _i2c_escribir
   _i2c_funcion
   _i2c_iniciar
   _i2c_leer
   _setup
     _usart_conf
   _usart_T

 _isr (ROOT)
   _usart_R

 Address spaces:
Name               Size   Autos  Total    Cost      Usage
BITCOMMON            E      0       0       0        0.0%
EEDATA             100      0       0       0        0.0%
NULL                 0      0       0       0        0.0%
CODE                 0      0       0       0        0.0%
COMMON               E      7       9       1       64.3%
BITSFR0              0      0       0       1        0.0%
SFR0                 0      0       0       1        0.0%
BITSFR1              0      0       0       2        0.0%
SFR1                 0      0       0       2        0.0%
STACK                0      0       0       2        0.0%
ABS                  0      0       D       3        0.0%
BITBANK0            50      0       0       4        0.0%
BITSFR3              0      0       0       4        0.0%
SFR3                 0      0       0       4        0.0%
BANK0               50      4       4       5        5.0%
BITSFR2              0      0       0       5        0.0%
SFR2                 0      0       0       5        0.0%
BITBANK1            50      0       0       6        0.0%
BANK1               50      0       0       7        0.0%
BITBANK3            60      0       0       8        0.0%
BANK3               60      0       0       9        0.0%
BITBANK2            60      0       0      10        0.0%
BANK2               60      0       0      11        0.0%
DATA                 0      0       D      12        0.0%


Microchip Technology PIC Macro Assembler V2.31 build 20201012212115 
Symbol Table                                                                                   Sun Mar 07 15:40:22 2021

                     l71 0081                       l79 013E                       u10 0182  
                     u11 0181                       u20 0188                       u21 0187  
                    l123 017C                      l141 015A                      l125 0188  
                    l150 0197                      l126 0189                      l135 0107  
                    l144 016A                      l129 00E6                      l153 00AB  
                    l138 0113                      l162 00E4                      l147 018A  
                    l155 00B7                      l156 00B8                      l149 0196  
                    l159 00CA                      l183 017B                      l187 01B1  
                    l801 012A                      l811 013C                      l803 012C  
                    l813 017C                      l805 0130                      l815 0182  
                    l807 0135                      l921 00E6                      l809 0138  
                    l851 0160                      l931 0102                      l923 00EC  
                    l845 018A                      l853 0166                      l933 010D  
                    l925 00F2                      l847 0190                      l927 00F7  
                    l783 016B                      l791 011A                      l855 01A7  
                    l849 015A                      l929 00FD                      l785 016F  
                    l793 011E                      l857 01AD                      l787 0170  
                    l795 0121                      l797 0122                      l789 0114  
                    l799 0129                      _GIE 005F                      l999 00AB  
                    _RB1 0031                      u200 0166                      u201 0165  
                    u210 01AD                      u211 01AC                      u300 0102  
                    u301 0101                      u310 010D                      u311 010C  
                    u320 0113                      u321 0112                      u170 0190  
                    u171 018F                      u180 0196                      u500 00E0  
                    u181 0195                      u501 00DC                      u190 0160  
                    u270 00EC                      u191 015F                      u271 00EB  
                    u280 00F2                      u440 00B1                      u520 0031  
                    _PEN 048A                      u281 00F1                      u441 00B0  
                    u521 0030                      u290 00F7                      u514 00E3  
                    u450 00B7                      u530 003F                      u291 00F6  
                    u451 00B6                      u531 003E                      u460 00BC  
                    u540 006A                      u461 00BB                      u541 0069  
                    u470 00C2                      u471 00C1                      u480 00D0  
                    u481 00CF                      u490 00D6                      u491 00D5  
                    _SEN 0488                      u557 0022                      u567 008D  
                    u577 009D                      _isr 013F                      fsr0 0004  
                    indf 0000               i2c_leer@ak 0020                     l1001 00B1  
                   l1011 00E3                     l1003 00BC                     l1005 00C2  
                   l1021 0031                     l1013 0017                     l1007 00D0  
                   l1031 0054                     l1023 0039                     l1015 001C  
                   l1009 00D6                     l1041 0075                     l1033 0059  
                   l1025 003F                     l1017 0026                     l1051 0095  
                   l1043 0079                     l1027 004B                     l1035 005D  
                   l1019 002B                     l1045 007E                     l1037 0064  
                   l1029 0050                     l1047 0087                     l1039 006A  
                   l1049 0091                     ?_isr 0070                     _PIE1 008C  
                   _RCEN 048B                     _RCIF 0065                     _PIR1 000C  
                   i1l85 0150            ?_i2c_escribir 0070            ??_i2c_detener 0075  
            _usart_recep 0077                     _main 0017                     btemp 007E  
          ??_i2c_iniciar 0075                     start 000E            ??_i2c_funcion 0076  
                  ??_isr 0072                    ?_main 0070                    _ACKEN 048C  
                  _ACKDT 048D                    i1l191 01A5                    i1l903 013F  
                  i1l905 0146                    i1l907 014C                    i1l861 019F  
                  i1l909 014F                    i1l859 0199                    _RCREG 001A  
                  _RCSTA 0018                    u22_20 019F                    u22_21 019E  
                  u26_20 0146                    u26_21 0145                    _SPBRG 0099  
                  _PORTB 0006                    _PORTC 0007                    _PORTD 0008  
                  _TRISB 0086                    _TRISC 0087                    _TRISD 0088  
                  _TXREG 0019                    _TXSTA 0098                    _setup 0114  
                  pclath 000A           ??_i2c_escribir 0075                    status 0003  
        __end_of_usart_R 01A6                    wtemp0 007E          __end_of_usart_T 01B2  
        __initialization 0011      __end_of_i2c_detener 0198             __end_of_main 00A8  
       __end_of_i2c_leer 00E5      __end_of_i2c_iniciar 018A      __end_of_i2c_funcion 0114  
                 ??_main 0021             i2c_leer@lect 0075                   ?_setup 0070  
                 _ANSELH 0189                   _INTCON 000B                   _SPBRGH 009A  
                 _SSPADD 0093                   _SSPCON 0014                   _SSPBUF 0013  
                 saved_w 007E                ??_usart_R 0070                ??_usart_T 0075  
__end_of__initialization 0013              _i2c_detener 018A              _i2c_iniciar 017C  
            _i2c_funcion 00E5           __pcstackCOMMON 0070            __end_of_setup 013F  
   __end_of_i2c_escribir 016B                  ??_setup 0075                ?_i2c_leer 0075  
             __pmaintext 0017               __pintentry 0004                  _ACKSTAT 048E  
                _BAUDCTL 0187                  _SSPCON2 0091                  _SSPSTAT 0094  
             ??_i2c_leer 0076                  __ptext1 01A6                  __ptext2 0114  
                __ptext3 016B                  __ptext4 00A8                  __ptext5 017C  
                __ptext6 00E5                  __ptext7 0159                  __ptext8 018A  
                __ptext9 013F             __size_of_isr 001A                  _usart_R 0198  
                _usart_T 01A6     end_of_initialization 0013    __size_of_i2c_escribir 0012  
        i2c_funcion@addr 0076          i2c_funcion@mode 0075                _PORTBbits 0006  
           _i2c_escribir 0159             ?_i2c_detener 0070                _TXSTAbits 0098  
             _usart_conf 016B             ?_i2c_iniciar 0070             ?_i2c_funcion 0075  
    start_initialization 0011                _i2c_recep 0078              __end_of_isr 0159  
          usart_R@r_data 0071            usart_T@t_data 0075        __size_of_i2c_leer 003D  
            __pbssCOMMON 0077                ___latbits 0002            __pcstackBANK0 0020  
            ?_usart_conf 0070                 ?_usart_R 0070                 ?_usart_T 0070  
         __size_of_setup 002B        interrupt_function 0004     __size_of_i2c_detener 000E  
               _PIR1bits 000C     __size_of_i2c_iniciar 000E     __size_of_i2c_funcion 002F  
       i2c_escribir@data 0075      __size_of_usart_conf 0011                 _i2c_leer 00A8  
               __ptext10 0198         __size_of_usart_R 000E         __size_of_usart_T 000C  
          __size_of_main 0091                 intlevel1 0000             ??_usart_conf 0075  
     __end_of_usart_conf 017C  
