

Microchip MPLAB XC8 Assembler V2.31 build 20201012212115 
                                                                                               Fri Jan 29 08:57:07 2021

Microchip MPLAB XC8 C Compiler v2.31 (Free license) build 20201012212115 Og1 
     1                           	processor	16F887
     2                           	pagewidth 120
     3                           	opt	flic
     4                           	psect	cinit,global,class=CODE,merge=1,delta=2
     5                           	psect	cstackCOMMON,global,class=COMMON,space=1,delta=1,noexec
     6                           	psect	maintext,global,class=CODE,split=1,delta=2
     7                           	psect	text1,local,class=CODE,merge=1,delta=2
     8                           	psect	config,global,abs,ovrld,class=CONFIG,space=4,delta=2,noexec
     9                           	dabs	1,0x7E,2
    10  0000                     
    11                           ; Version 2.20
    12                           ; Generated 12/02/2020 GMT
    13                           ; 
    14                           ; Copyright © 2020, Microchip Technology Inc. and its subsidiaries ("Microchip")
    15                           ; All rights reserved.
    16                           ; 
    17                           ; This software is developed by Microchip Technology Inc. and its subsidiaries ("Microch
      +                          ip").
    18                           ; 
    19                           ; Redistribution and use in source and binary forms, with or without modification, are
    20                           ; permitted provided that the following conditions are met:
    21                           ; 
    22                           ;     1. Redistributions of source code must retain the above copyright notice, this lis
      +                          t of
    23                           ;        conditions and the following disclaimer.
    24                           ; 
    25                           ;     2. Redistributions in binary form must reproduce the above copyright notice, this 
      +                          list
    26                           ;        of conditions and the following disclaimer in the documentation and/or other
    27                           ;        materials provided with the distribution.
    28                           ; 
    29                           ;     3. Microchip's name may not be used to endorse or promote products derived from th
      +                          is
    30                           ;        software without specific prior written permission.
    31                           ; 
    32                           ; THIS SOFTWARE IS PROVIDED BY MICROCHIP "AS IS" AND ANY EXPRESS OR IMPLIED WARRANTIES,
    33                           ; INCLUDING, BUT NOT LIMITED TO, THE IMPLIED WARRANTIES OF MERCHANTABILITY AND FITNESS F
      +                          OR
    34                           ; PURPOSE ARE DISCLAIMED.  IN NO EVENT SHALL MICROCHIP BE LIABLE FOR ANY DIRECT, INDIREC
      +                          T,
    35                           ; INCIDENTAL, SPECIAL, EXEMPLARY, OR CONSEQUENTIAL DAMAGES (INCLUDING BUT NOT LIMITED TO
    36                           ; PROCUREMENT OF SUBSTITUTE GOODS OR SERVICES; LOSS OF USE, DATA OR PROFITS; OR BUSINESS
    37                           ; INTERRUPTION) HOWSOEVER CAUSED AND ON ANY THEORY OF LIABILITY, WHETHER IN CONTRACT, ST
      +                          RICT
    38                           ; LIABILITY, OR TORT (INCLUDING NEGLIGENCE OR OTHERWISE) ARISING IN ANY WAY OUT OF THE U
      +                          SE OF
    39                           ; THIS SOFTWARE, EVEN IF ADVISED OF THE POSSIBILITY OF SUCH DAMAGE.
    40                           ; 
    41                           ; 
    42                           ; Code-generator required, PIC16F887 Definitions
    43                           ; 
    44                           ; SFR Addresses
    45  0000                     	;# 
    46  0001                     	;# 
    47  0002                     	;# 
    48  0003                     	;# 
    49  0004                     	;# 
    50  0005                     	;# 
    51  0006                     	;# 
    52  0007                     	;# 
    53  0008                     	;# 
    54  0009                     	;# 
    55  000A                     	;# 
    56  000B                     	;# 
    57  000C                     	;# 
    58  000D                     	;# 
    59  000E                     	;# 
    60  000E                     	;# 
    61  000F                     	;# 
    62  0010                     	;# 
    63  0011                     	;# 
    64  0012                     	;# 
    65  0013                     	;# 
    66  0014                     	;# 
    67  0015                     	;# 
    68  0015                     	;# 
    69  0016                     	;# 
    70  0017                     	;# 
    71  0018                     	;# 
    72  0019                     	;# 
    73  001A                     	;# 
    74  001B                     	;# 
    75  001B                     	;# 
    76  001C                     	;# 
    77  001D                     	;# 
    78  001E                     	;# 
    79  001F                     	;# 
    80  0081                     	;# 
    81  0085                     	;# 
    82  0086                     	;# 
    83  0087                     	;# 
    84  0088                     	;# 
    85  0089                     	;# 
    86  008C                     	;# 
    87  008D                     	;# 
    88  008E                     	;# 
    89  008F                     	;# 
    90  0090                     	;# 
    91  0091                     	;# 
    92  0092                     	;# 
    93  0093                     	;# 
    94  0093                     	;# 
    95  0093                     	;# 
    96  0094                     	;# 
    97  0095                     	;# 
    98  0096                     	;# 
    99  0097                     	;# 
   100  0098                     	;# 
   101  0099                     	;# 
   102  009A                     	;# 
   103  009B                     	;# 
   104  009C                     	;# 
   105  009D                     	;# 
   106  009E                     	;# 
   107  009F                     	;# 
   108  0105                     	;# 
   109  0107                     	;# 
   110  0108                     	;# 
   111  0109                     	;# 
   112  010C                     	;# 
   113  010C                     	;# 
   114  010D                     	;# 
   115  010E                     	;# 
   116  010F                     	;# 
   117  0185                     	;# 
   118  0187                     	;# 
   119  0188                     	;# 
   120  0189                     	;# 
   121  018C                     	;# 
   122  018D                     	;# 
   123  0000                     	;# 
   124  0001                     	;# 
   125  0002                     	;# 
   126  0003                     	;# 
   127  0004                     	;# 
   128  0005                     	;# 
   129  0006                     	;# 
   130  0007                     	;# 
   131  0008                     	;# 
   132  0009                     	;# 
   133  000A                     	;# 
   134  000B                     	;# 
   135  000C                     	;# 
   136  000D                     	;# 
   137  000E                     	;# 
   138  000E                     	;# 
   139  000F                     	;# 
   140  0010                     	;# 
   141  0011                     	;# 
   142  0012                     	;# 
   143  0013                     	;# 
   144  0014                     	;# 
   145  0015                     	;# 
   146  0015                     	;# 
   147  0016                     	;# 
   148  0017                     	;# 
   149  0018                     	;# 
   150  0019                     	;# 
   151  001A                     	;# 
   152  001B                     	;# 
   153  001B                     	;# 
   154  001C                     	;# 
   155  001D                     	;# 
   156  001E                     	;# 
   157  001F                     	;# 
   158  0081                     	;# 
   159  0085                     	;# 
   160  0086                     	;# 
   161  0087                     	;# 
   162  0088                     	;# 
   163  0089                     	;# 
   164  008C                     	;# 
   165  008D                     	;# 
   166  008E                     	;# 
   167  008F                     	;# 
   168  0090                     	;# 
   169  0091                     	;# 
   170  0092                     	;# 
   171  0093                     	;# 
   172  0093                     	;# 
   173  0093                     	;# 
   174  0094                     	;# 
   175  0095                     	;# 
   176  0096                     	;# 
   177  0097                     	;# 
   178  0098                     	;# 
   179  0099                     	;# 
   180  009A                     	;# 
   181  009B                     	;# 
   182  009C                     	;# 
   183  009D                     	;# 
   184  009E                     	;# 
   185  009F                     	;# 
   186  0105                     	;# 
   187  0107                     	;# 
   188  0108                     	;# 
   189  0109                     	;# 
   190  010C                     	;# 
   191  010C                     	;# 
   192  010D                     	;# 
   193  010E                     	;# 
   194  010F                     	;# 
   195  0185                     	;# 
   196  0187                     	;# 
   197  0188                     	;# 
   198  0189                     	;# 
   199  018C                     	;# 
   200  018D                     	;# 
   201  0000                     	;# 
   202  0001                     	;# 
   203  0002                     	;# 
   204  0003                     	;# 
   205  0004                     	;# 
   206  0005                     	;# 
   207  0006                     	;# 
   208  0007                     	;# 
   209  0008                     	;# 
   210  0009                     	;# 
   211  000A                     	;# 
   212  000B                     	;# 
   213  000C                     	;# 
   214  000D                     	;# 
   215  000E                     	;# 
   216  000E                     	;# 
   217  000F                     	;# 
   218  0010                     	;# 
   219  0011                     	;# 
   220  0012                     	;# 
   221  0013                     	;# 
   222  0014                     	;# 
   223  0015                     	;# 
   224  0015                     	;# 
   225  0016                     	;# 
   226  0017                     	;# 
   227  0018                     	;# 
   228  0019                     	;# 
   229  001A                     	;# 
   230  001B                     	;# 
   231  001B                     	;# 
   232  001C                     	;# 
   233  001D                     	;# 
   234  001E                     	;# 
   235  001F                     	;# 
   236  0081                     	;# 
   237  0085                     	;# 
   238  0086                     	;# 
   239  0087                     	;# 
   240  0088                     	;# 
   241  0089                     	;# 
   242  008C                     	;# 
   243  008D                     	;# 
   244  008E                     	;# 
   245  008F                     	;# 
   246  0090                     	;# 
   247  0091                     	;# 
   248  0092                     	;# 
   249  0093                     	;# 
   250  0093                     	;# 
   251  0093                     	;# 
   252  0094                     	;# 
   253  0095                     	;# 
   254  0096                     	;# 
   255  0097                     	;# 
   256  0098                     	;# 
   257  0099                     	;# 
   258  009A                     	;# 
   259  009B                     	;# 
   260  009C                     	;# 
   261  009D                     	;# 
   262  009E                     	;# 
   263  009F                     	;# 
   264  0105                     	;# 
   265  0107                     	;# 
   266  0108                     	;# 
   267  0109                     	;# 
   268  010C                     	;# 
   269  010C                     	;# 
   270  010D                     	;# 
   271  010E                     	;# 
   272  010F                     	;# 
   273  0185                     	;# 
   274  0187                     	;# 
   275  0188                     	;# 
   276  0189                     	;# 
   277  018C                     	;# 
   278  018D                     	;# 
   279  0086                     _TRISB	set	134
   280  0189                     _ANSELHbits	set	393
   281  0188                     _ANSEL	set	392
   282  0189                     _ANSELH	set	393
   283                           
   284                           	psect	cinit
   285  07FC                     start_initialization:	
   286                           ; #config settings
   287                           
   288  07FC                     __initialization:
   289  07FC                     end_of_initialization:	
   290                           ;End of C runtime variable initialization code
   291                           
   292  07FC                     __end_of__initialization:
   293  07FC  0183               	clrf	3
   294  07FD  120A  118A  2FEA   	ljmp	_main	;jump to C main() function
   295                           
   296                           	psect	cstackCOMMON
   297  0000                     __pcstackCOMMON:
   298  0000                     ?_setup:
   299  0000                     ??_setup:	
   300                           ; 1 bytes @ 0x0
   301                           
   302  0000                     ?_main:	
   303                           ; 1 bytes @ 0x0
   304                           
   305  0000                     ??_main:	
   306                           ; 1 bytes @ 0x0
   307                           
   308                           
   309                           	psect	maintext
   310  07EA                     __pmaintext:	
   311                           ; 1 bytes @ 0x0
   312 ;;
   313 ;;Main: autosize = 0, tempsize = 0, incstack = 0, save=0
   314 ;;
   315 ;; *************** function _main *****************
   316 ;; Defined at:
   317 ;;		line 46 in file "lab2.c"
   318 ;; Parameters:    Size  Location     Type
   319 ;;		None
   320 ;; Auto vars:     Size  Location     Type
   321 ;;		None
   322 ;; Return value:  Size  Location     Type
   323 ;;                  1    wreg      void 
   324 ;; Registers used:
   325 ;;		wreg, status,2, status,0, pclath, cstack
   326 ;; Tracked objects:
   327 ;;		On entry : B00/0
   328 ;;		On exit  : 0/0
   329 ;;		Unchanged: 0/0
   330 ;; Data sizes:     COMMON   BANK0   BANK1   BANK3   BANK2
   331 ;;      Params:         0       0       0       0       0
   332 ;;      Locals:         0       0       0       0       0
   333 ;;      Temps:          0       0       0       0       0
   334 ;;      Totals:         0       0       0       0       0
   335 ;;Total ram usage:        0 bytes
   336 ;; Hardware stack levels required when called:    1
   337 ;; This function calls:
   338 ;;		_setup
   339 ;; This function is called by:
   340 ;;		Startup code after reset
   341 ;; This function uses a non-reentrant model
   342 ;;
   343                           
   344                           
   345                           ;psect for function _main
   346  07EA                     _main:
   347  07EA                     l619:	
   348                           ;incstack = 0
   349                           ; Regs used in _main: [wreg+status,2+status,0+pclath+cstack]
   350                           
   351                           
   352                           ;lab2.c: 47:     setup();
   353  07EA  120A  118A  27E0  120A  118A  	fcall	_setup
   354  07EF                     l621:
   355                           
   356                           ;lab2.c: 49:         ANSELH = 0;
   357  07EF  1683               	bsf	3,5	;RP0=1, select bank3
   358  07F0  1703               	bsf	3,6	;RP1=1, select bank3
   359  07F1  0189               	clrf	9	;volatile
   360  07F2                     l623:
   361                           
   362                           ;lab2.c: 50:         ANSEL = 0;
   363  07F2  0188               	clrf	8	;volatile
   364  07F3                     l625:
   365                           
   366                           ;lab2.c: 51:         ANSELHbits.ANS8 = 1;
   367  07F3  1409               	bsf	9,0	;volatile
   368  07F4                     l627:
   369                           
   370                           ;lab2.c: 52:         TRISB = 0B00000111;
   371  07F4  3007               	movlw	7
   372  07F5  1683               	bsf	3,5	;RP0=1, select bank1
   373  07F6  1303               	bcf	3,6	;RP1=0, select bank1
   374  07F7  0086               	movwf	6	;volatile
   375  07F8  2FEF               	goto	l621
   376  07F9  120A  118A  2800   	ljmp	start
   377  07FC                     __end_of_main:
   378                           
   379                           	psect	text1
   380  07E0                     __ptext1:	
   381 ;; *************** function _setup *****************
   382 ;; Defined at:
   383 ;;		line 63 in file "lab2.c"
   384 ;; Parameters:    Size  Location     Type
   385 ;;		None
   386 ;; Auto vars:     Size  Location     Type
   387 ;;		None
   388 ;; Return value:  Size  Location     Type
   389 ;;                  1    wreg      void 
   390 ;; Registers used:
   391 ;;		wreg, status,2
   392 ;; Tracked objects:
   393 ;;		On entry : 0/0
   394 ;;		On exit  : 0/0
   395 ;;		Unchanged: 0/0
   396 ;; Data sizes:     COMMON   BANK0   BANK1   BANK3   BANK2
   397 ;;      Params:         0       0       0       0       0
   398 ;;      Locals:         0       0       0       0       0
   399 ;;      Temps:          0       0       0       0       0
   400 ;;      Totals:         0       0       0       0       0
   401 ;;Total ram usage:        0 bytes
   402 ;; Hardware stack levels used:    1
   403 ;; This function calls:
   404 ;;		Nothing
   405 ;; This function is called by:
   406 ;;		_main
   407 ;; This function uses a non-reentrant model
   408 ;;
   409                           
   410                           
   411                           ;psect for function _setup
   412  07E0                     _setup:
   413  07E0                     l613:	
   414                           ;incstack = 0
   415                           ; Regs used in _setup: [wreg+status,2]
   416                           
   417                           
   418                           ;lab2.c: 64:     ANSELH = 0;
   419  07E0  1683               	bsf	3,5	;RP0=1, select bank3
   420  07E1  1703               	bsf	3,6	;RP1=1, select bank3
   421  07E2  0189               	clrf	9	;volatile
   422                           
   423                           ;lab2.c: 65:     ANSEL = 0;
   424  07E3  0188               	clrf	8	;volatile
   425  07E4                     l615:
   426                           
   427                           ;lab2.c: 66:     ANSELHbits.ANS8 = 1;
   428  07E4  1409               	bsf	9,0	;volatile
   429  07E5                     l617:
   430                           
   431                           ;lab2.c: 67:     TRISB = 0B00000111;
   432  07E5  3007               	movlw	7
   433  07E6  1683               	bsf	3,5	;RP0=1, select bank1
   434  07E7  1303               	bcf	3,6	;RP1=0, select bank1
   435  07E8  0086               	movwf	6	;volatile
   436  07E9                     l21:
   437  07E9  0008               	return
   438  07EA                     __end_of_setup:
   439  007E                     btemp	set	126	;btemp
   440  007E                     wtemp0	set	126
   441                           
   442                           	psect	config
   443                           
   444                           ;Config register CONFIG1 @ 0x2007
   445                           ;	Oscillator Selection bits
   446                           ;	FOSC = XT, XT oscillator: Crystal/resonator on RA6/OSC2/CLKOUT and RA7/OSC1/CLKIN
   447                           ;	Watchdog Timer Enable bit
   448                           ;	WDTE = OFF, WDT disabled and can be enabled by SWDTEN bit of the WDTCON register
   449                           ;	Power-up Timer Enable bit
   450                           ;	PWRTE = OFF, PWRT disabled
   451                           ;	RE3/MCLR pin function select bit
   452                           ;	MCLRE = OFF, RE3/MCLR pin function is digital input, MCLR internally tied to VDD
   453                           ;	Code Protection bit
   454                           ;	CP = OFF, Program memory code protection is disabled
   455                           ;	Data Code Protection bit
   456                           ;	CPD = OFF, Data memory code protection is disabled
   457                           ;	Brown Out Reset Selection bits
   458                           ;	BOREN = OFF, BOR disabled
   459                           ;	Internal External Switchover bit
   460                           ;	IESO = OFF, Internal/External Switchover mode is disabled
   461                           ;	Fail-Safe Clock Monitor Enabled bit
   462                           ;	FCMEN = OFF, Fail-Safe Clock Monitor is disabled
   463                           ;	Low Voltage Programming Enable bit
   464                           ;	LVP = OFF, RB3 pin has digital I/O, HV on MCLR must be used for programming
   465                           ;	In-Circuit Debugger Mode bit
   466                           ;	DEBUG = 0x1, unprogrammed default
   467  2007                     	org	8199
   468  2007  20D1               	dw	8401
   469                           
   470                           ;Config register CONFIG2 @ 0x2008
   471                           ;	Brown-out Reset Selection bit
   472                           ;	BOR4V = BOR40V, Brown-out Reset set to 4.0V
   473                           ;	Flash Program Memory Self Write Enable bits
   474                           ;	WRT = OFF, Write protection off
   475  2008                     	org	8200
   476  2008  3FFF               	dw	16383

Data Sizes:
    Strings     0
    Constant    0
    Data        0
    BSS         0
    Persistent  0
    Stack       0

Auto Spaces:
    Space          Size  Autos    Used
    COMMON           14      0       0
    BANK0            80      0       0
    BANK1            80      0       0
    BANK3            96      0       0
    BANK2            96      0       0

Pointer List with Targets:

    None.

Critical Paths under _main in COMMON

    None.

Critical Paths under _main in BANK0

    None.

Critical Paths under _main in BANK1

    None.

Critical Paths under _main in BANK3

    None.

Critical Paths under _main in BANK2

    None.

Call Graph Tables:

 ---------------------------------------------------------------------------------
 (Depth) Function   	        Calls       Base Space   Used Autos Params    Refs
 ---------------------------------------------------------------------------------
 (0) _main                                                 0     0      0       0
                              _setup
 ---------------------------------------------------------------------------------
 (1) _setup                                                0     0      0       0
 ---------------------------------------------------------------------------------
 Estimated maximum stack depth 1
 ---------------------------------------------------------------------------------

 Call Graph Graphs:

 _main (ROOT)
   _setup

 Address spaces:
Name               Size   Autos  Total    Cost      Usage
BITCOMMON            E      0       0       0        0.0%
EEDATA             100      0       0       0        0.0%
NULL                 0      0       0       0        0.0%
CODE                 0      0       0       0        0.0%
COMMON               E      0       0       1        0.0%
BITSFR0              0      0       0       1        0.0%
SFR0                 0      0       0       1        0.0%
BITSFR1              0      0       0       2        0.0%
SFR1                 0      0       0       2        0.0%
STACK                0      0       0       2        0.0%
ABS                  0      0       0       3        0.0%
BITBANK0            50      0       0       4        0.0%
BITSFR3              0      0       0       4        0.0%
SFR3                 0      0       0       4        0.0%
BANK0               50      0       0       5        0.0%
BITSFR2              0      0       0       5        0.0%
SFR2                 0      0       0       5        0.0%
BITBANK1            50      0       0       6        0.0%
BANK1               50      0       0       7        0.0%
BITBANK3            60      0       0       8        0.0%
BANK3               60      0       0       9        0.0%
BITBANK2            60      0       0      10        0.0%
BANK2               60      0       0      11        0.0%
DATA                 0      0       0      12        0.0%


Microchip Technology PIC Macro Assembler V2.31 build 20201012212115 
Symbol Table                                                                                   Fri Jan 29 08:57:07 2021

                     l21 07E9                      l613 07E0                      l621 07EF  
                    l615 07E4                      l623 07F2                      l617 07E5  
                    l625 07F3                      l627 07F4                      l619 07EA  
                   _main 07EA                     btemp 007E                     start 0000  
                  ?_main 0000                    _ANSEL 0188                    _TRISB 0086  
                  _setup 07E0                    status 0003                    wtemp0 007E  
        __initialization 07FC             __end_of_main 07FC                   ??_main 0000  
                 ?_setup 0000                   _ANSELH 0189  __end_of__initialization 07FC  
         __pcstackCOMMON 0000            __end_of_setup 07EA                  ??_setup 0000  
             __pmaintext 07EA                  __ptext1 07E0     end_of_initialization 07FC  
    start_initialization 07FC                ___latbits 0002           __size_of_setup 000A  
             _ANSELHbits 0189            __size_of_main 0012  
